{"C:\\Users\\Sudhanshu\\Documents\\project\\expense-tracker\\app\\components\\AddTransactionModal.js": {"path":"C:\\Users\\Sudhanshu\\Documents\\project\\expense-tracker\\app\\components\\AddTransactionModal.js","statementMap":{"0":{"start":{"line":11,"column":10},"end":{"line":11,"column":20}},"1":{"start":{"line":14,"column":19},"end":{"line":14,"column":33}},"2":{"start":{"line":15,"column":38},"end":{"line":15,"column":59}},"3":{"start":{"line":17,"column":26},"end":{"line":17,"column":47}},"4":{"start":{"line":18,"column":30},"end":{"line":18,"column":42}},"5":{"start":{"line":19,"column":40},"end":{"line":19,"column":52}},"6":{"start":{"line":20,"column":34},"end":{"line":20,"column":46}},"7":{"start":{"line":21,"column":32},"end":{"line":21,"column":47}},"8":{"start":{"line":23,"column":21},"end":{"line":23,"column":43}},"9":{"start":{"line":25,"column":27},"end":{"line":28,"column":3}},"10":{"start":{"line":26,"column":4},"end":{"line":26,"column":15}},"11":{"start":{"line":27,"column":4},"end":{"line":27,"column":20}},"12":{"start":{"line":30,"column":23},"end":{"line":63,"column":3}},"13":{"start":{"line":31,"column":4},"end":{"line":34,"column":5}},"14":{"start":{"line":32,"column":6},"end":{"line":32,"column":68}},"15":{"start":{"line":33,"column":6},"end":{"line":33,"column":13}},"16":{"start":{"line":35,"column":4},"end":{"line":38,"column":5}},"17":{"start":{"line":36,"column":6},"end":{"line":36,"column":77}},"18":{"start":{"line":37,"column":6},"end":{"line":37,"column":13}},"19":{"start":{"line":39,"column":4},"end":{"line":42,"column":5}},"20":{"start":{"line":40,"column":6},"end":{"line":40,"column":68}},"21":{"start":{"line":41,"column":6},"end":{"line":41,"column":13}},"22":{"start":{"line":44,"column":4},"end":{"line":44,"column":21}},"23":{"start":{"line":45,"column":4},"end":{"line":62,"column":5}},"24":{"start":{"line":46,"column":6},"end":{"line":52,"column":9}},"25":{"start":{"line":54,"column":6},"end":{"line":54,"column":20}},"26":{"start":{"line":55,"column":6},"end":{"line":55,"column":25}},"27":{"start":{"line":56,"column":6},"end":{"line":56,"column":22}},"28":{"start":{"line":57,"column":6},"end":{"line":57,"column":16}},"29":{"start":{"line":59,"column":6},"end":{"line":59,"column":73}},"30":{"start":{"line":61,"column":6},"end":{"line":61,"column":24}},"31":{"start":{"line":65,"column":20},"end":{"line":65,"column":83}},"32":{"start":{"line":67,"column":2},"end":{"line":174,"column":4}},"33":{"start":{"line":84,"column":16},"end":{"line":98,"column":35}},"34":{"start":{"line":90,"column":33},"end":{"line":90,"column":52}},"35":{"start":{"line":136,"column":18},"end":{"line":151,"column":37}},"36":{"start":{"line":142,"column":35},"end":{"line":142,"column":54}},"37":{"start":{"line":177,"column":15},"end":{"line":226,"column":2}}},"fnMap":{"0":{"name":"AddTransactionModal","decl":{"start":{"line":13,"column":24},"end":{"line":13,"column":43}},"loc":{"start":{"line":13,"column":91},"end":{"line":175,"column":1}},"line":13},"1":{"name":"(anonymous_1)","decl":{"start":{"line":25,"column":27},"end":{"line":25,"column":28}},"loc":{"start":{"line":25,"column":34},"end":{"line":28,"column":3}},"line":25},"2":{"name":"(anonymous_2)","decl":{"start":{"line":30,"column":23},"end":{"line":30,"column":24}},"loc":{"start":{"line":30,"column":35},"end":{"line":63,"column":3}},"line":30},"3":{"name":"(anonymous_3)","decl":{"start":{"line":83,"column":49},"end":{"line":83,"column":50}},"loc":{"start":{"line":84,"column":16},"end":{"line":98,"column":35}},"line":84},"4":{"name":"(anonymous_4)","decl":{"start":{"line":90,"column":27},"end":{"line":90,"column":28}},"loc":{"start":{"line":90,"column":33},"end":{"line":90,"column":52}},"line":90},"5":{"name":"(anonymous_5)","decl":{"start":{"line":135,"column":32},"end":{"line":135,"column":33}},"loc":{"start":{"line":136,"column":18},"end":{"line":151,"column":37}},"line":136},"6":{"name":"(anonymous_6)","decl":{"start":{"line":142,"column":29},"end":{"line":142,"column":30}},"loc":{"start":{"line":142,"column":35},"end":{"line":142,"column":54}},"line":142}},"branchMap":{"0":{"loc":{"start":{"line":13,"column":55},"end":{"line":13,"column":78}},"type":"default-arg","locations":[{"start":{"line":13,"column":69},"end":{"line":13,"column":78}}],"line":13},"1":{"loc":{"start":{"line":23,"column":21},"end":{"line":23,"column":43}},"type":"binary-expr","locations":[{"start":{"line":23,"column":21},"end":{"line":23,"column":37}},{"start":{"line":23,"column":41},"end":{"line":23,"column":43}}],"line":23},"2":{"loc":{"start":{"line":31,"column":4},"end":{"line":34,"column":5}},"type":"if","locations":[{"start":{"line":31,"column":4},"end":{"line":34,"column":5}},{"start":{},"end":{}}],"line":31},"3":{"loc":{"start":{"line":31,"column":8},"end":{"line":31,"column":44}},"type":"binary-expr","locations":[{"start":{"line":31,"column":8},"end":{"line":31,"column":15}},{"start":{"line":31,"column":19},"end":{"line":31,"column":44}}],"line":31},"4":{"loc":{"start":{"line":35,"column":4},"end":{"line":38,"column":5}},"type":"if","locations":[{"start":{"line":35,"column":4},"end":{"line":38,"column":5}},{"start":{},"end":{}}],"line":35},"5":{"loc":{"start":{"line":39,"column":4},"end":{"line":42,"column":5}},"type":"if","locations":[{"start":{"line":39,"column":4},"end":{"line":42,"column":5}},{"start":{},"end":{}}],"line":39},"6":{"loc":{"start":{"line":59,"column":27},"end":{"line":59,"column":71}},"type":"binary-expr","locations":[{"start":{"line":59,"column":27},"end":{"line":59,"column":38}},{"start":{"line":59,"column":42},"end":{"line":59,"column":71}}],"line":59},"7":{"loc":{"start":{"line":65,"column":20},"end":{"line":65,"column":83}},"type":"cond-expr","locations":[{"start":{"line":65,"column":40},"end":{"line":65,"column":47}},{"start":{"line":65,"column":50},"end":{"line":65,"column":83}}],"line":65},"8":{"loc":{"start":{"line":65,"column":50},"end":{"line":65,"column":83}},"type":"cond-expr","locations":[{"start":{"line":65,"column":68},"end":{"line":65,"column":75}},{"start":{"line":65,"column":78},"end":{"line":65,"column":83}}],"line":65},"9":{"loc":{"start":{"line":76,"column":40},"end":{"line":76,"column":85}},"type":"cond-expr","locations":[{"start":{"line":76,"column":64},"end":{"line":76,"column":73}},{"start":{"line":76,"column":76},"end":{"line":76,"column":85}}],"line":76},"10":{"loc":{"start":{"line":88,"column":20},"end":{"line":88,"column":98}},"type":"binary-expr","locations":[{"start":{"line":88,"column":20},"end":{"line":88,"column":30}},{"start":{"line":88,"column":34},"end":{"line":88,"column":98}}],"line":88},"11":{"loc":{"start":{"line":94,"column":20},"end":{"line":94,"column":54}},"type":"binary-expr","locations":[{"start":{"line":94,"column":20},"end":{"line":94,"column":30}},{"start":{"line":94,"column":34},"end":{"line":94,"column":54}}],"line":94},"12":{"loc":{"start":{"line":140,"column":22},"end":{"line":140,"column":106}},"type":"binary-expr","locations":[{"start":{"line":140,"column":22},"end":{"line":140,"column":41}},{"start":{"line":140,"column":45},"end":{"line":140,"column":106}}],"line":140},"13":{"loc":{"start":{"line":147,"column":22},"end":{"line":147,"column":65}},"type":"binary-expr","locations":[{"start":{"line":147,"column":22},"end":{"line":147,"column":41}},{"start":{"line":147,"column":45},"end":{"line":147,"column":65}}],"line":147},"14":{"loc":{"start":{"line":158,"column":72},"end":{"line":158,"column":107}},"type":"binary-expr","locations":[{"start":{"line":158,"column":72},"end":{"line":158,"column":79}},{"start":{"line":158,"column":83},"end":{"line":158,"column":107}}],"line":158},"15":{"loc":{"start":{"line":162,"column":15},"end":{"line":168,"column":15}},"type":"cond-expr","locations":[{"start":{"line":163,"column":16},"end":{"line":163,"column":50}},{"start":{"line":165,"column":16},"end":{"line":167,"column":23}}],"line":162}},"s":{"0":0,"1":0,"2":0,"3":0,"4":0,"5":0,"6":0,"7":0,"8":0,"9":0,"10":0,"11":0,"12":0,"13":0,"14":0,"15":0,"16":0,"17":0,"18":0,"19":0,"20":0,"21":0,"22":0,"23":0,"24":0,"25":0,"26":0,"27":0,"28":0,"29":0,"30":0,"31":0,"32":0,"33":0,"34":0,"35":0,"36":0,"37":0},"f":{"0":0,"1":0,"2":0,"3":0,"4":0,"5":0,"6":0},"b":{"0":[0],"1":[0,0],"2":[0,0],"3":[0,0],"4":[0,0],"5":[0,0],"6":[0,0],"7":[0,0],"8":[0,0],"9":[0,0],"10":[0,0],"11":[0,0],"12":[0,0],"13":[0,0],"14":[0,0],"15":[0,0]}}
,"C:\\Users\\Sudhanshu\\Documents\\project\\expense-tracker\\app\\hooks\\useAuth.js": {"path":"C:\\Users\\Sudhanshu\\Documents\\project\\expense-tracker\\app\\hooks\\useAuth.js","statementMap":{"0":{"start":{"line":7,"column":72},"end":{"line":7,"column":86}},"1":{"start":{"line":8,"column":31},"end":{"line":8,"column":52}},"2":{"start":{"line":10,"column":2},"end":{"line":10,"column":40}},"3":{"start":{"line":13,"column":15},"end":{"line":13,"column":172}},"4":{"start":{"line":13,"column":30},"end":{"line":13,"column":100}},"5":{"start":{"line":15,"column":2},"end":{"line":62,"column":13}},"6":{"start":{"line":16,"column":4},"end":{"line":16,"column":48}},"7":{"start":{"line":17,"column":20},"end":{"line":17,"column":24}},"8":{"start":{"line":20,"column":20},"end":{"line":25,"column":12}},"9":{"start":{"line":21,"column":6},"end":{"line":24,"column":7}},"10":{"start":{"line":22,"column":8},"end":{"line":22,"column":65}},"11":{"start":{"line":23,"column":8},"end":{"line":23,"column":31}},"12":{"start":{"line":27,"column":4},"end":{"line":61,"column":5}},"13":{"start":{"line":28,"column":26},"end":{"line":51,"column":8}},"14":{"start":{"line":29,"column":8},"end":{"line":29,"column":71}},"15":{"start":{"line":30,"column":8},"end":{"line":30,"column":31}},"16":{"start":{"line":30,"column":24},"end":{"line":30,"column":31}},"17":{"start":{"line":32,"column":8},"end":{"line":50,"column":9}},"18":{"start":{"line":33,"column":10},"end":{"line":41,"column":11}},"19":{"start":{"line":34,"column":12},"end":{"line":34,"column":39}},"20":{"start":{"line":35,"column":28},"end":{"line":35,"column":66}},"21":{"start":{"line":36,"column":12},"end":{"line":36,"column":85}},"22":{"start":{"line":36,"column":40},"end":{"line":36,"column":85}},"23":{"start":{"line":37,"column":12},"end":{"line":37,"column":45}},"24":{"start":{"line":39,"column":12},"end":{"line":39,"column":29}},"25":{"start":{"line":40,"column":12},"end":{"line":40,"column":25}},"26":{"start":{"line":43,"column":10},"end":{"line":43,"column":46}},"27":{"start":{"line":45,"column":10},"end":{"line":49,"column":11}},"28":{"start":{"line":46,"column":12},"end":{"line":46,"column":54}},"29":{"start":{"line":47,"column":12},"end":{"line":47,"column":35}},"30":{"start":{"line":48,"column":12},"end":{"line":48,"column":34}},"31":{"start":{"line":53,"column":6},"end":{"line":57,"column":8}},"32":{"start":{"line":54,"column":8},"end":{"line":54,"column":26}},"33":{"start":{"line":55,"column":8},"end":{"line":55,"column":30}},"34":{"start":{"line":56,"column":8},"end":{"line":56,"column":39}},"35":{"start":{"line":56,"column":25},"end":{"line":56,"column":39}},"36":{"start":{"line":59,"column":6},"end":{"line":59,"column":48}},"37":{"start":{"line":60,"column":6},"end":{"line":60,"column":29}},"38":{"start":{"line":64,"column":23},"end":{"line":70,"column":3}},"39":{"start":{"line":65,"column":4},"end":{"line":69,"column":5}},"40":{"start":{"line":66,"column":6},"end":{"line":66,"column":31}},"41":{"start":{"line":68,"column":6},"end":{"line":68,"column":46}},"42":{"start":{"line":72,"column":24},"end":{"line":76,"column":3}},"43":{"start":{"line":73,"column":4},"end":{"line":73,"column":20}},"44":{"start":{"line":74,"column":4},"end":{"line":74,"column":21}},"45":{"start":{"line":75,"column":4},"end":{"line":75,"column":17}},"46":{"start":{"line":78,"column":2},"end":{"line":78,"column":41}}},"fnMap":{"0":{"name":"useAuth","decl":{"start":{"line":6,"column":16},"end":{"line":6,"column":23}},"loc":{"start":{"line":6,"column":26},"end":{"line":79,"column":1}},"line":6},"1":{"name":"(anonymous_1)","decl":{"start":{"line":13,"column":23},"end":{"line":13,"column":24}},"loc":{"start":{"line":13,"column":30},"end":{"line":13,"column":100}},"line":13},"2":{"name":"(anonymous_2)","decl":{"start":{"line":15,"column":12},"end":{"line":15,"column":13}},"loc":{"start":{"line":15,"column":18},"end":{"line":62,"column":3}},"line":15},"3":{"name":"(anonymous_3)","decl":{"start":{"line":20,"column":31},"end":{"line":20,"column":32}},"loc":{"start":{"line":20,"column":37},"end":{"line":25,"column":5}},"line":20},"4":{"name":"(anonymous_4)","decl":{"start":{"line":28,"column":39},"end":{"line":28,"column":40}},"loc":{"start":{"line":28,"column":63},"end":{"line":51,"column":7}},"line":28},"5":{"name":"(anonymous_5)","decl":{"start":{"line":53,"column":13},"end":{"line":53,"column":14}},"loc":{"start":{"line":53,"column":19},"end":{"line":57,"column":7}},"line":53},"6":{"name":"(anonymous_6)","decl":{"start":{"line":64,"column":23},"end":{"line":64,"column":24}},"loc":{"start":{"line":64,"column":35},"end":{"line":70,"column":3}},"line":64},"7":{"name":"(anonymous_7)","decl":{"start":{"line":72,"column":24},"end":{"line":72,"column":25}},"loc":{"start":{"line":72,"column":36},"end":{"line":76,"column":3}},"line":72}},"branchMap":{"0":{"loc":{"start":{"line":21,"column":6},"end":{"line":24,"column":7}},"type":"if","locations":[{"start":{"line":21,"column":6},"end":{"line":24,"column":7}},{"start":{},"end":{}}],"line":21},"1":{"loc":{"start":{"line":30,"column":8},"end":{"line":30,"column":31}},"type":"if","locations":[{"start":{"line":30,"column":8},"end":{"line":30,"column":31}},{"start":{},"end":{}}],"line":30},"2":{"loc":{"start":{"line":33,"column":10},"end":{"line":41,"column":11}},"type":"if","locations":[{"start":{"line":33,"column":10},"end":{"line":41,"column":11}},{"start":{"line":38,"column":17},"end":{"line":41,"column":11}}],"line":33},"3":{"loc":{"start":{"line":36,"column":12},"end":{"line":36,"column":85}},"type":"if","locations":[{"start":{"line":36,"column":12},"end":{"line":36,"column":85}},{"start":{},"end":{}}],"line":36},"4":{"loc":{"start":{"line":45,"column":10},"end":{"line":49,"column":11}},"type":"if","locations":[{"start":{"line":45,"column":10},"end":{"line":49,"column":11}},{"start":{},"end":{}}],"line":45},"5":{"loc":{"start":{"line":56,"column":8},"end":{"line":56,"column":39}},"type":"if","locations":[{"start":{"line":56,"column":8},"end":{"line":56,"column":39}},{"start":{},"end":{}}],"line":56}},"s":{"0":0,"1":0,"2":0,"3":0,"4":0,"5":0,"6":0,"7":0,"8":0,"9":0,"10":0,"11":0,"12":0,"13":0,"14":0,"15":0,"16":0,"17":0,"18":0,"19":0,"20":0,"21":0,"22":0,"23":0,"24":0,"25":0,"26":0,"27":0,"28":0,"29":0,"30":0,"31":0,"32":0,"33":0,"34":0,"35":0,"36":0,"37":0,"38":0,"39":0,"40":0,"41":0,"42":0,"43":0,"44":0,"45":0,"46":0},"f":{"0":0,"1":0,"2":0,"3":0,"4":0,"5":0,"6":0,"7":0},"b":{"0":[0,0],"1":[0,0],"2":[0,0],"3":[0,0],"4":[0,0],"5":[0,0]}}
,"C:\\Users\\Sudhanshu\\Documents\\project\\expense-tracker\\app\\navigation\\AppNavigator.js": {"path":"C:\\Users\\Sudhanshu\\Documents\\project\\expense-tracker\\app\\navigation\\AppNavigator.js","statementMap":{"0":{"start":{"line":17,"column":10},"end":{"line":17,"column":20}},"1":{"start":{"line":18,"column":12},"end":{"line":18,"column":38}},"2":{"start":{"line":19,"column":14},"end":{"line":19,"column":42}},"3":{"start":{"line":22,"column":2},"end":{"line":24,"column":4}},"4":{"start":{"line":28,"column":2},"end":{"line":66,"column":4}},"5":{"start":{"line":48,"column":48},"end":{"line":48,"column":87}},"6":{"start":{"line":53,"column":48},"end":{"line":53,"column":87}},"7":{"start":{"line":58,"column":48},"end":{"line":58,"column":87}},"8":{"start":{"line":63,"column":48},"end":{"line":63,"column":87}},"9":{"start":{"line":70,"column":2},"end":{"line":75,"column":4}},"10":{"start":{"line":79,"column":28},"end":{"line":79,"column":42}},"11":{"start":{"line":81,"column":2},"end":{"line":81,"column":73}},"12":{"start":{"line":83,"column":2},"end":{"line":86,"column":3}},"13":{"start":{"line":84,"column":4},"end":{"line":84,"column":42}},"14":{"start":{"line":85,"column":4},"end":{"line":85,"column":29}},"15":{"start":{"line":88,"column":2},"end":{"line":88,"column":41}},"16":{"start":{"line":89,"column":2},"end":{"line":99,"column":4}},"17":{"start":{"line":102,"column":15},"end":{"line":108,"column":2}}},"fnMap":{"0":{"name":"TabIcon","decl":{"start":{"line":21,"column":9},"end":{"line":21,"column":16}},"loc":{"start":{"line":21,"column":36},"end":{"line":25,"column":1}},"line":21},"1":{"name":"MainTabs","decl":{"start":{"line":27,"column":9},"end":{"line":27,"column":17}},"loc":{"start":{"line":27,"column":20},"end":{"line":67,"column":1}},"line":27},"2":{"name":"(anonymous_2)","decl":{"start":{"line":48,"column":31},"end":{"line":48,"column":32}},"loc":{"start":{"line":48,"column":48},"end":{"line":48,"column":87}},"line":48},"3":{"name":"(anonymous_3)","decl":{"start":{"line":53,"column":31},"end":{"line":53,"column":32}},"loc":{"start":{"line":53,"column":48},"end":{"line":53,"column":87}},"line":53},"4":{"name":"(anonymous_4)","decl":{"start":{"line":58,"column":31},"end":{"line":58,"column":32}},"loc":{"start":{"line":58,"column":48},"end":{"line":58,"column":87}},"line":58},"5":{"name":"(anonymous_5)","decl":{"start":{"line":63,"column":31},"end":{"line":63,"column":32}},"loc":{"start":{"line":63,"column":48},"end":{"line":63,"column":87}},"line":63},"6":{"name":"LoadingScreen","decl":{"start":{"line":69,"column":9},"end":{"line":69,"column":22}},"loc":{"start":{"line":69,"column":25},"end":{"line":76,"column":1}},"line":69},"7":{"name":"AppNavigator","decl":{"start":{"line":78,"column":24},"end":{"line":78,"column":36}},"loc":{"start":{"line":78,"column":39},"end":{"line":100,"column":1}},"line":78}},"branchMap":{"0":{"loc":{"start":{"line":23,"column":42},"end":{"line":23,"column":59}},"type":"cond-expr","locations":[{"start":{"line":23,"column":52},"end":{"line":23,"column":53}},{"start":{"line":23,"column":56},"end":{"line":23,"column":59}}],"line":23},"1":{"loc":{"start":{"line":83,"column":2},"end":{"line":86,"column":3}},"type":"if","locations":[{"start":{"line":83,"column":2},"end":{"line":86,"column":3}},{"start":{},"end":{}}],"line":83},"2":{"loc":{"start":{"line":92,"column":9},"end":{"line":96,"column":9}},"type":"cond-expr","locations":[{"start":{"line":93,"column":10},"end":{"line":93,"column":59}},{"start":{"line":95,"column":10},"end":{"line":95,"column":63}}],"line":92}},"s":{"0":0,"1":0,"2":0,"3":0,"4":0,"5":0,"6":0,"7":0,"8":0,"9":0,"10":0,"11":0,"12":0,"13":0,"14":0,"15":0,"16":0,"17":0},"f":{"0":0,"1":0,"2":0,"3":0,"4":0,"5":0,"6":0,"7":0},"b":{"0":[0,0],"1":[0,0],"2":[0,0]}}
,"C:\\Users\\Sudhanshu\\Documents\\project\\expense-tracker\\app\\screens\\AnalyticsScreen.js": {"path":"C:\\Users\\Sudhanshu\\Documents\\project\\expense-tracker\\app\\screens\\AnalyticsScreen.js","statementMap":{"0":{"start":{"line":9,"column":10},"end":{"line":9,"column":20}},"1":{"start":{"line":10,"column":10},"end":{"line":10,"column":45}},"2":{"start":{"line":13,"column":55},"end":{"line":13,"column":76}},"3":{"start":{"line":15,"column":17},"end":{"line":15,"column":28}},"4":{"start":{"line":16,"column":21},"end":{"line":16,"column":36}},"5":{"start":{"line":17,"column":18},"end":{"line":17,"column":34}},"6":{"start":{"line":19,"column":21},"end":{"line":22,"column":3}},"7":{"start":{"line":20,"column":10},"end":{"line":20,"column":71}},"8":{"start":{"line":20,"column":45},"end":{"line":20,"column":66}},"9":{"start":{"line":24,"column":17},"end":{"line":27,"column":3}},"10":{"start":{"line":25,"column":10},"end":{"line":25,"column":57}},"11":{"start":{"line":25,"column":44},"end":{"line":25,"column":52}},"12":{"start":{"line":29,"column":22},"end":{"line":31,"column":7}},"13":{"start":{"line":33,"column":2},"end":{"line":128,"column":4}},"14":{"start":{"line":52,"column":25},"end":{"line":52,"column":66}},"15":{"start":{"line":53,"column":25},"end":{"line":53,"column":67}},"16":{"start":{"line":54,"column":12},"end":{"line":66,"column":14}},"17":{"start":{"line":86,"column":28},"end":{"line":86,"column":67}},"18":{"start":{"line":87,"column":16},"end":{"line":95,"column":18}},"19":{"start":{"line":132,"column":2},"end":{"line":137,"column":4}},"20":{"start":{"line":141,"column":2},"end":{"line":141,"column":61}},"21":{"start":{"line":144,"column":15},"end":{"line":198,"column":2}}},"fnMap":{"0":{"name":"AnalyticsScreen","decl":{"start":{"line":12,"column":24},"end":{"line":12,"column":39}},"loc":{"start":{"line":12,"column":42},"end":{"line":129,"column":1}},"line":12},"1":{"name":"(anonymous_1)","decl":{"start":{"line":20,"column":4},"end":{"line":20,"column":5}},"loc":{"start":{"line":20,"column":10},"end":{"line":20,"column":71}},"line":20},"2":{"name":"(anonymous_2)","decl":{"start":{"line":20,"column":38},"end":{"line":20,"column":39}},"loc":{"start":{"line":20,"column":45},"end":{"line":20,"column":66}},"line":20},"3":{"name":"(anonymous_3)","decl":{"start":{"line":25,"column":4},"end":{"line":25,"column":5}},"loc":{"start":{"line":25,"column":10},"end":{"line":25,"column":57}},"line":25},"4":{"name":"(anonymous_4)","decl":{"start":{"line":25,"column":37},"end":{"line":25,"column":38}},"loc":{"start":{"line":25,"column":44},"end":{"line":25,"column":52}},"line":25},"5":{"name":"(anonymous_5)","decl":{"start":{"line":51,"column":23},"end":{"line":51,"column":24}},"loc":{"start":{"line":51,"column":33},"end":{"line":67,"column":11}},"line":51},"6":{"name":"(anonymous_6)","decl":{"start":{"line":85,"column":30},"end":{"line":85,"column":31}},"loc":{"start":{"line":85,"column":42},"end":{"line":96,"column":15}},"line":85},"7":{"name":"StatCard","decl":{"start":{"line":131,"column":9},"end":{"line":131,"column":17}},"loc":{"start":{"line":131,"column":43},"end":{"line":138,"column":1}},"line":131},"8":{"name":"SectionTitle","decl":{"start":{"line":140,"column":9},"end":{"line":140,"column":21}},"loc":{"start":{"line":140,"column":36},"end":{"line":142,"column":1}},"line":140}},"branchMap":{"0":{"loc":{"start":{"line":29,"column":22},"end":{"line":31,"column":7}},"type":"cond-expr","locations":[{"start":{"line":30,"column":6},"end":{"line":30,"column":74}},{"start":{"line":31,"column":6},"end":{"line":31,"column":7}}],"line":29},"1":{"loc":{"start":{"line":57,"column":19},"end":{"line":59,"column":19}},"type":"binary-expr","locations":[{"start":{"line":57,"column":19},"end":{"line":57,"column":31}},{"start":{"line":58,"column":20},"end":{"line":58,"column":93}}],"line":57},"2":{"loc":{"start":{"line":60,"column":19},"end":{"line":62,"column":19}},"type":"binary-expr","locations":[{"start":{"line":60,"column":19},"end":{"line":60,"column":32}},{"start":{"line":61,"column":20},"end":{"line":61,"column":91}}],"line":60},"3":{"loc":{"start":{"line":81,"column":9},"end":{"line":99,"column":9}},"type":"binary-expr","locations":[{"start":{"line":81,"column":9},"end":{"line":81,"column":30}},{"start":{"line":82,"column":10},"end":{"line":98,"column":13}}],"line":81},"4":{"loc":{"start":{"line":102,"column":9},"end":{"line":125,"column":9}},"type":"binary-expr","locations":[{"start":{"line":102,"column":9},"end":{"line":102,"column":26}},{"start":{"line":103,"column":10},"end":{"line":124,"column":13}}],"line":102},"5":{"loc":{"start":{"line":109,"column":35},"end":{"line":109,"column":83}},"type":"cond-expr","locations":[{"start":{"line":109,"column":68},"end":{"line":109,"column":73}},{"start":{"line":109,"column":76},"end":{"line":109,"column":83}}],"line":109},"6":{"loc":{"start":{"line":117,"column":25},"end":{"line":117,"column":79}},"type":"cond-expr","locations":[{"start":{"line":117,"column":64},"end":{"line":117,"column":69}},{"start":{"line":117,"column":72},"end":{"line":117,"column":79}}],"line":117},"7":{"loc":{"start":{"line":119,"column":19},"end":{"line":120,"column":81}},"type":"cond-expr","locations":[{"start":{"line":119,"column":52},"end":{"line":119,"column":65}},{"start":{"line":120,"column":20},"end":{"line":120,"column":81}}],"line":119},"8":{"loc":{"start":{"line":120,"column":20},"end":{"line":120,"column":81}},"type":"cond-expr","locations":[{"start":{"line":120,"column":59},"end":{"line":120,"column":68}},{"start":{"line":120,"column":71},"end":{"line":120,"column":81}}],"line":120}},"s":{"0":0,"1":0,"2":0,"3":0,"4":0,"5":0,"6":0,"7":0,"8":0,"9":0,"10":0,"11":0,"12":0,"13":0,"14":0,"15":0,"16":0,"17":0,"18":0,"19":0,"20":0,"21":0},"f":{"0":0,"1":0,"2":0,"3":0,"4":0,"5":0,"6":0,"7":0,"8":0},"b":{"0":[0,0],"1":[0,0],"2":[0,0],"3":[0,0],"4":[0,0],"5":[0,0],"6":[0,0],"7":[0,0],"8":[0,0]}}
,"C:\\Users\\Sudhanshu\\Documents\\project\\expense-tracker\\app\\screens\\HomeScreen.js": {"path":"C:\\Users\\Sudhanshu\\Documents\\project\\expense-tracker\\app\\screens\\HomeScreen.js","statementMap":{"0":{"start":{"line":12,"column":10},"end":{"line":12,"column":20}},"1":{"start":{"line":14,"column":20},"end":{"line":14,"column":56}},"2":{"start":{"line":17,"column":19},"end":{"line":17,"column":33}},"3":{"start":{"line":18,"column":59},"end":{"line":18,"column":80}},"4":{"start":{"line":19,"column":36},"end":{"line":19,"column":51}},"5":{"start":{"line":20,"column":42},"end":{"line":20,"column":57}},"6":{"start":{"line":21,"column":36},"end":{"line":21,"column":55}},"7":{"start":{"line":22,"column":38},"end":{"line":22,"column":53}},"8":{"start":{"line":24,"column":17},"end":{"line":24,"column":28}},"9":{"start":{"line":25,"column":18},"end":{"line":25,"column":48}},"10":{"start":{"line":27,"column":22},"end":{"line":27,"column":65}},"11":{"start":{"line":28,"column":15},"end":{"line":28,"column":36}},"12":{"start":{"line":29,"column":19},"end":{"line":29,"column":93}},"13":{"start":{"line":31,"column":19},"end":{"line":33,"column":68}},"14":{"start":{"line":33,"column":33},"end":{"line":33,"column":67}},"15":{"start":{"line":35,"column":20},"end":{"line":35,"column":76}},"16":{"start":{"line":35,"column":32},"end":{"line":35,"column":51}},"17":{"start":{"line":35,"column":52},"end":{"line":35,"column":74}},"18":{"start":{"line":37,"column":20},"end":{"line":40,"column":3}},"19":{"start":{"line":38,"column":4},"end":{"line":38,"column":24}},"20":{"start":{"line":39,"column":4},"end":{"line":39,"column":49}},"21":{"start":{"line":39,"column":21},"end":{"line":39,"column":41}},"22":{"start":{"line":42,"column":2},"end":{"line":173,"column":4}},"23":{"start":{"line":64,"column":27},"end":{"line":64,"column":57}},"24":{"start":{"line":101,"column":12},"end":{"line":110,"column":31}},"25":{"start":{"line":104,"column":29},"end":{"line":104,"column":44}},"26":{"start":{"line":114,"column":27},"end":{"line":114,"column":59}},"27":{"start":{"line":126,"column":43},"end":{"line":126,"column":78}},"28":{"start":{"line":135,"column":14},"end":{"line":143,"column":33}},"29":{"start":{"line":138,"column":31},"end":{"line":138,"column":48}},"30":{"start":{"line":157,"column":47},"end":{"line":157,"column":88}},"31":{"start":{"line":163,"column":58},"end":{"line":163,"column":78}},"32":{"start":{"line":170,"column":23},"end":{"line":170,"column":45}},"33":{"start":{"line":177,"column":15},"end":{"line":177,"column":44}},"34":{"start":{"line":178,"column":19},"end":{"line":178,"column":40}},"35":{"start":{"line":179,"column":17},"end":{"line":179,"column":36}},"36":{"start":{"line":181,"column":2},"end":{"line":201,"column":4}},"37":{"start":{"line":204,"column":15},"end":{"line":297,"column":2}}},"fnMap":{"0":{"name":"HomeScreen","decl":{"start":{"line":16,"column":24},"end":{"line":16,"column":34}},"loc":{"start":{"line":16,"column":51},"end":{"line":174,"column":1}},"line":16},"1":{"name":"(anonymous_1)","decl":{"start":{"line":33,"column":26},"end":{"line":33,"column":27}},"loc":{"start":{"line":33,"column":33},"end":{"line":33,"column":67}},"line":33},"2":{"name":"(anonymous_2)","decl":{"start":{"line":35,"column":20},"end":{"line":35,"column":21}},"loc":{"start":{"line":35,"column":30},"end":{"line":35,"column":76}},"line":35},"3":{"name":"(anonymous_3)","decl":{"start":{"line":37,"column":20},"end":{"line":37,"column":21}},"loc":{"start":{"line":37,"column":32},"end":{"line":40,"column":3}},"line":37},"4":{"name":"(anonymous_4)","decl":{"start":{"line":39,"column":15},"end":{"line":39,"column":16}},"loc":{"start":{"line":39,"column":21},"end":{"line":39,"column":41}},"line":39},"5":{"name":"(anonymous_5)","decl":{"start":{"line":64,"column":21},"end":{"line":64,"column":22}},"loc":{"start":{"line":64,"column":27},"end":{"line":64,"column":57}},"line":64},"6":{"name":"(anonymous_6)","decl":{"start":{"line":100,"column":16},"end":{"line":100,"column":17}},"loc":{"start":{"line":101,"column":12},"end":{"line":110,"column":31}},"line":101},"7":{"name":"(anonymous_7)","decl":{"start":{"line":104,"column":23},"end":{"line":104,"column":24}},"loc":{"start":{"line":104,"column":29},"end":{"line":104,"column":44}},"line":104},"8":{"name":"(anonymous_8)","decl":{"start":{"line":114,"column":21},"end":{"line":114,"column":22}},"loc":{"start":{"line":114,"column":27},"end":{"line":114,"column":59}},"line":114},"9":{"name":"(anonymous_9)","decl":{"start":{"line":126,"column":37},"end":{"line":126,"column":38}},"loc":{"start":{"line":126,"column":43},"end":{"line":126,"column":78}},"line":126},"10":{"name":"(anonymous_10)","decl":{"start":{"line":134,"column":29},"end":{"line":134,"column":30}},"loc":{"start":{"line":135,"column":14},"end":{"line":143,"column":33}},"line":135},"11":{"name":"(anonymous_11)","decl":{"start":{"line":138,"column":25},"end":{"line":138,"column":26}},"loc":{"start":{"line":138,"column":31},"end":{"line":138,"column":48}},"line":138},"12":{"name":"(anonymous_12)","decl":{"start":{"line":157,"column":38},"end":{"line":157,"column":39}},"loc":{"start":{"line":157,"column":47},"end":{"line":157,"column":88}},"line":157},"13":{"name":"(anonymous_13)","decl":{"start":{"line":163,"column":52},"end":{"line":163,"column":53}},"loc":{"start":{"line":163,"column":58},"end":{"line":163,"column":78}},"line":163},"14":{"name":"(anonymous_14)","decl":{"start":{"line":170,"column":17},"end":{"line":170,"column":18}},"loc":{"start":{"line":170,"column":23},"end":{"line":170,"column":45}},"line":170},"15":{"name":"TransactionRow","decl":{"start":{"line":176,"column":9},"end":{"line":176,"column":23}},"loc":{"start":{"line":176,"column":33},"end":{"line":202,"column":1}},"line":176}},"branchMap":{"0":{"loc":{"start":{"line":27,"column":22},"end":{"line":27,"column":65}},"type":"binary-expr","locations":[{"start":{"line":27,"column":22},"end":{"line":27,"column":54}},{"start":{"line":27,"column":58},"end":{"line":27,"column":65}}],"line":27},"1":{"loc":{"start":{"line":29,"column":19},"end":{"line":29,"column":93}},"type":"cond-expr","locations":[{"start":{"line":29,"column":31},"end":{"line":29,"column":45}},{"start":{"line":29,"column":48},"end":{"line":29,"column":93}}],"line":29},"2":{"loc":{"start":{"line":29,"column":48},"end":{"line":29,"column":93}},"type":"cond-expr","locations":[{"start":{"line":29,"column":60},"end":{"line":29,"column":76}},{"start":{"line":29,"column":79},"end":{"line":29,"column":93}}],"line":29},"3":{"loc":{"start":{"line":31,"column":19},"end":{"line":33,"column":68}},"type":"cond-expr","locations":[{"start":{"line":32,"column":6},"end":{"line":32,"column":18}},{"start":{"line":33,"column":6},"end":{"line":33,"column":68}}],"line":31},"4":{"loc":{"start":{"line":56,"column":46},"end":{"line":56,"column":80}},"type":"binary-expr","locations":[{"start":{"line":56,"column":46},"end":{"line":56,"column":53}},{"start":{"line":56,"column":57},"end":{"line":56,"column":80}}],"line":56},"5":{"loc":{"start":{"line":57,"column":46},"end":{"line":57,"column":78}},"type":"binary-expr","locations":[{"start":{"line":57,"column":46},"end":{"line":57,"column":53}},{"start":{"line":57,"column":57},"end":{"line":57,"column":78}}],"line":57},"6":{"loc":{"start":{"line":58,"column":47},"end":{"line":58,"column":80}},"type":"cond-expr","locations":[{"start":{"line":58,"column":57},"end":{"line":58,"column":69}},{"start":{"line":58,"column":72},"end":{"line":58,"column":80}}],"line":58},"7":{"loc":{"start":{"line":67,"column":15},"end":{"line":67,"column":59}},"type":"binary-expr","locations":[{"start":{"line":67,"column":15},"end":{"line":67,"column":52}},{"start":{"line":67,"column":56},"end":{"line":67,"column":59}}],"line":67},"8":{"loc":{"start":{"line":137,"column":36},"end":{"line":137,"column":73}},"type":"binary-expr","locations":[{"start":{"line":137,"column":36},"end":{"line":137,"column":53}},{"start":{"line":137,"column":57},"end":{"line":137,"column":73}}],"line":137},"9":{"loc":{"start":{"line":140,"column":46},"end":{"line":140,"column":87}},"type":"binary-expr","locations":[{"start":{"line":140,"column":46},"end":{"line":140,"column":63}},{"start":{"line":140,"column":67},"end":{"line":140,"column":87}}],"line":140},"10":{"loc":{"start":{"line":150,"column":11},"end":{"line":158,"column":11}},"type":"cond-expr","locations":[{"start":{"line":151,"column":12},"end":{"line":155,"column":19}},{"start":{"line":157,"column":12},"end":{"line":157,"column":89}}],"line":150},"11":{"loc":{"start":{"line":184,"column":25},"end":{"line":184,"column":104}},"type":"cond-expr","locations":[{"start":{"line":184,"column":36},"end":{"line":184,"column":54}},{"start":{"line":184,"column":57},"end":{"line":184,"column":104}}],"line":184},"12":{"loc":{"start":{"line":184,"column":57},"end":{"line":184,"column":104}},"type":"cond-expr","locations":[{"start":{"line":184,"column":66},"end":{"line":184,"column":82}},{"start":{"line":184,"column":85},"end":{"line":184,"column":104}}],"line":184},"13":{"loc":{"start":{"line":194,"column":17},"end":{"line":194,"column":62}},"type":"cond-expr","locations":[{"start":{"line":194,"column":28},"end":{"line":194,"column":35}},{"start":{"line":194,"column":38},"end":{"line":194,"column":62}}],"line":194},"14":{"loc":{"start":{"line":194,"column":38},"end":{"line":194,"column":62}},"type":"cond-expr","locations":[{"start":{"line":194,"column":47},"end":{"line":194,"column":54}},{"start":{"line":194,"column":57},"end":{"line":194,"column":62}}],"line":194},"15":{"loc":{"start":{"line":196,"column":11},"end":{"line":196,"column":31}},"type":"cond-expr","locations":[{"start":{"line":196,"column":22},"end":{"line":196,"column":25}},{"start":{"line":196,"column":28},"end":{"line":196,"column":31}}],"line":196},"16":{"loc":{"start":{"line":198,"column":54},"end":{"line":198,"column":79}},"type":"binary-expr","locations":[{"start":{"line":198,"column":54},"end":{"line":198,"column":62}},{"start":{"line":198,"column":66},"end":{"line":198,"column":79}}],"line":198}},"s":{"0":0,"1":0,"2":0,"3":0,"4":0,"5":0,"6":0,"7":0,"8":0,"9":0,"10":0,"11":0,"12":0,"13":0,"14":0,"15":0,"16":0,"17":0,"18":0,"19":0,"20":0,"21":0,"22":0,"23":0,"24":0,"25":0,"26":0,"27":0,"28":0,"29":0,"30":0,"31":0,"32":0,"33":0,"34":0,"35":0,"36":0,"37":0},"f":{"0":0,"1":0,"2":0,"3":0,"4":0,"5":0,"6":0,"7":0,"8":0,"9":0,"10":0,"11":0,"12":0,"13":0,"14":0,"15":0},"b":{"0":[0,0],"1":[0,0],"2":[0,0],"3":[0,0],"4":[0,0],"5":[0,0],"6":[0,0],"7":[0,0],"8":[0,0],"9":[0,0],"10":[0,0],"11":[0,0],"12":[0,0],"13":[0,0],"14":[0,0],"15":[0,0],"16":[0,0]}}
,"C:\\Users\\Sudhanshu\\Documents\\project\\expense-tracker\\app\\screens\\LoginScreen.js": {"path":"C:\\Users\\Sudhanshu\\Documents\\project\\expense-tracker\\app\\screens\\LoginScreen.js","statementMap":{"0":{"start":{"line":10,"column":10},"end":{"line":10,"column":20}},"1":{"start":{"line":13,"column":23},"end":{"line":19,"column":3}},"2":{"start":{"line":14,"column":4},"end":{"line":18,"column":5}},"3":{"start":{"line":15,"column":6},"end":{"line":15,"column":31}},"4":{"start":{"line":17,"column":6},"end":{"line":17,"column":46}},"5":{"start":{"line":21,"column":2},"end":{"line":65,"column":4}},"6":{"start":{"line":41,"column":12},"end":{"line":44,"column":19}},"7":{"start":{"line":68,"column":15},"end":{"line":109,"column":2}}},"fnMap":{"0":{"name":"LoginScreen","decl":{"start":{"line":12,"column":24},"end":{"line":12,"column":35}},"loc":{"start":{"line":12,"column":38},"end":{"line":66,"column":1}},"line":12},"1":{"name":"(anonymous_1)","decl":{"start":{"line":13,"column":23},"end":{"line":13,"column":24}},"loc":{"start":{"line":13,"column":35},"end":{"line":19,"column":3}},"line":13},"2":{"name":"(anonymous_2)","decl":{"start":{"line":40,"column":16},"end":{"line":40,"column":17}},"loc":{"start":{"line":41,"column":12},"end":{"line":44,"column":19}},"line":41}},"branchMap":{},"s":{"0":0,"1":0,"2":0,"3":0,"4":0,"5":0,"6":0,"7":0},"f":{"0":0,"1":0,"2":0},"b":{}}
,"C:\\Users\\Sudhanshu\\Documents\\project\\expense-tracker\\app\\screens\\ProfileScreen.js": {"path":"C:\\Users\\Sudhanshu\\Documents\\project\\expense-tracker\\app\\screens\\ProfileScreen.js","statementMap":{"0":{"start":{"line":14,"column":10},"end":{"line":14,"column":20}},"1":{"start":{"line":17,"column":52},"end":{"line":17,"column":66}},"2":{"start":{"line":18,"column":50},"end":{"line":18,"column":71}},"3":{"start":{"line":19,"column":28},"end":{"line":19,"column":37}},"4":{"start":{"line":20,"column":44},"end":{"line":20,"column":59}},"5":{"start":{"line":21,"column":32},"end":{"line":21,"column":47}},"6":{"start":{"line":23,"column":17},"end":{"line":23,"column":28}},"7":{"start":{"line":25,"column":28},"end":{"line":40,"column":3}},"8":{"start":{"line":26,"column":4},"end":{"line":26,"column":27}},"9":{"start":{"line":27,"column":4},"end":{"line":39,"column":5}},"10":{"start":{"line":28,"column":21},"end":{"line":28,"column":60}},"11":{"start":{"line":29,"column":6},"end":{"line":29,"column":45}},"12":{"start":{"line":30,"column":6},"end":{"line":30,"column":105}},"13":{"start":{"line":31,"column":6},"end":{"line":34,"column":9}},"14":{"start":{"line":32,"column":45},"end":{"line":32,"column":72}},"15":{"start":{"line":36,"column":6},"end":{"line":36,"column":40}},"16":{"start":{"line":38,"column":6},"end":{"line":38,"column":30}},"17":{"start":{"line":42,"column":25},"end":{"line":56,"column":3}},"18":{"start":{"line":43,"column":4},"end":{"line":46,"column":5}},"19":{"start":{"line":44,"column":6},"end":{"line":44,"column":76}},"20":{"start":{"line":45,"column":6},"end":{"line":45,"column":13}},"21":{"start":{"line":47,"column":4},"end":{"line":47,"column":21}},"22":{"start":{"line":48,"column":4},"end":{"line":55,"column":5}},"23":{"start":{"line":49,"column":21},"end":{"line":49,"column":61}},"24":{"start":{"line":50,"column":6},"end":{"line":50,"column":92}},"25":{"start":{"line":52,"column":6},"end":{"line":52,"column":46}},"26":{"start":{"line":54,"column":6},"end":{"line":54,"column":24}},"27":{"start":{"line":58,"column":29},"end":{"line":63,"column":3}},"28":{"start":{"line":59,"column":4},"end":{"line":62,"column":7}},"29":{"start":{"line":65,"column":2},"end":{"line":137,"column":4}},"30":{"start":{"line":103,"column":47},"end":{"line":103,"column":90}},"31":{"start":{"line":140,"column":15},"end":{"line":194,"column":2}}},"fnMap":{"0":{"name":"ProfileScreen","decl":{"start":{"line":16,"column":24},"end":{"line":16,"column":37}},"loc":{"start":{"line":16,"column":40},"end":{"line":138,"column":1}},"line":16},"1":{"name":"(anonymous_1)","decl":{"start":{"line":25,"column":28},"end":{"line":25,"column":29}},"loc":{"start":{"line":25,"column":40},"end":{"line":40,"column":3}},"line":25},"2":{"name":"(anonymous_2)","decl":{"start":{"line":32,"column":39},"end":{"line":32,"column":40}},"loc":{"start":{"line":32,"column":45},"end":{"line":32,"column":72}},"line":32},"3":{"name":"(anonymous_3)","decl":{"start":{"line":42,"column":25},"end":{"line":42,"column":26}},"loc":{"start":{"line":42,"column":37},"end":{"line":56,"column":3}},"line":42},"4":{"name":"(anonymous_4)","decl":{"start":{"line":58,"column":29},"end":{"line":58,"column":30}},"loc":{"start":{"line":58,"column":35},"end":{"line":63,"column":3}},"line":58},"5":{"name":"(anonymous_5)","decl":{"start":{"line":103,"column":41},"end":{"line":103,"column":42}},"loc":{"start":{"line":103,"column":47},"end":{"line":103,"column":90}},"line":103}},"branchMap":{"0":{"loc":{"start":{"line":43,"column":4},"end":{"line":46,"column":5}},"type":"if","locations":[{"start":{"line":43,"column":4},"end":{"line":46,"column":5}},{"start":{},"end":{}}],"line":43},"1":{"loc":{"start":{"line":72,"column":43},"end":{"line":72,"column":87}},"type":"binary-expr","locations":[{"start":{"line":72,"column":43},"end":{"line":72,"column":80}},{"start":{"line":72,"column":84},"end":{"line":72,"column":87}}],"line":72},"2":{"loc":{"start":{"line":99,"column":9},"end":{"line":129,"column":9}},"type":"cond-expr","locations":[{"start":{"line":100,"column":10},"end":{"line":117,"column":13}},{"start":{"line":119,"column":10},"end":{"line":128,"column":13}}],"line":99},"3":{"loc":{"start":{"line":107,"column":13},"end":{"line":111,"column":13}},"type":"binary-expr","locations":[{"start":{"line":107,"column":13},"end":{"line":107,"column":23}},{"start":{"line":108,"column":14},"end":{"line":110,"column":21}}],"line":107},"4":{"loc":{"start":{"line":113,"column":15},"end":{"line":115,"column":15}},"type":"cond-expr","locations":[{"start":{"line":113,"column":25},"end":{"line":113,"column":61}},{"start":{"line":114,"column":16},"end":{"line":114,"column":79}}],"line":113},"5":{"loc":{"start":{"line":124,"column":15},"end":{"line":126,"column":15}},"type":"cond-expr","locations":[{"start":{"line":124,"column":31},"end":{"line":124,"column":65}},{"start":{"line":125,"column":16},"end":{"line":125,"column":81}}],"line":124}},"s":{"0":0,"1":0,"2":0,"3":0,"4":0,"5":0,"6":0,"7":0,"8":0,"9":0,"10":0,"11":0,"12":0,"13":0,"14":0,"15":0,"16":0,"17":0,"18":0,"19":0,"20":0,"21":0,"22":0,"23":0,"24":0,"25":0,"26":0,"27":0,"28":0,"29":0,"30":0,"31":0},"f":{"0":0,"1":0,"2":0,"3":0,"4":0,"5":0},"b":{"0":[0,0],"1":[0,0],"2":[0,0],"3":[0,0],"4":[0,0],"5":[0,0]}}
,"C:\\Users\\Sudhanshu\\Documents\\project\\expense-tracker\\app\\screens\\TransactionsScreen.js": {"path":"C:\\Users\\Sudhanshu\\Documents\\project\\expense-tracker\\app\\screens\\TransactionsScreen.js","statementMap":{"0":{"start":{"line":10,"column":10},"end":{"line":10,"column":20}},"1":{"start":{"line":13,"column":19},"end":{"line":13,"column":33}},"2":{"start":{"line":14,"column":46},"end":{"line":14,"column":67}},"3":{"start":{"line":15,"column":30},"end":{"line":15,"column":42}},"4":{"start":{"line":16,"column":38},"end":{"line":16,"column":53}},"5":{"start":{"line":18,"column":19},"end":{"line":27,"column":40}},"6":{"start":{"line":19,"column":4},"end":{"line":26,"column":7}},"7":{"start":{"line":20,"column":24},"end":{"line":20,"column":69}},"8":{"start":{"line":22,"column":8},"end":{"line":24,"column":63}},"9":{"start":{"line":25,"column":6},"end":{"line":25,"column":38}},"10":{"start":{"line":29,"column":23},"end":{"line":41,"column":3}},"11":{"start":{"line":30,"column":4},"end":{"line":40,"column":6}},"12":{"start":{"line":37,"column":25},"end":{"line":37,"column":60}},"13":{"start":{"line":43,"column":2},"end":{"line":107,"column":4}},"14":{"start":{"line":57,"column":10},"end":{"line":65,"column":29}},"15":{"start":{"line":60,"column":27},"end":{"line":60,"column":43}},"16":{"start":{"line":71,"column":32},"end":{"line":71,"column":39}},"17":{"start":{"line":80,"column":23},"end":{"line":80,"column":53}},"18":{"start":{"line":81,"column":27},"end":{"line":81,"column":49}},"19":{"start":{"line":82,"column":25},"end":{"line":82,"column":45}},"20":{"start":{"line":83,"column":10},"end":{"line":103,"column":12}},"21":{"start":{"line":86,"column":33},"end":{"line":86,"column":51}},"22":{"start":{"line":110,"column":15},"end":{"line":143,"column":2}}},"fnMap":{"0":{"name":"TransactionsScreen","decl":{"start":{"line":12,"column":24},"end":{"line":12,"column":42}},"loc":{"start":{"line":12,"column":45},"end":{"line":108,"column":1}},"line":12},"1":{"name":"(anonymous_1)","decl":{"start":{"line":18,"column":27},"end":{"line":18,"column":28}},"loc":{"start":{"line":18,"column":33},"end":{"line":27,"column":3}},"line":18},"2":{"name":"(anonymous_2)","decl":{"start":{"line":19,"column":31},"end":{"line":19,"column":32}},"loc":{"start":{"line":19,"column":38},"end":{"line":26,"column":5}},"line":19},"3":{"name":"(anonymous_3)","decl":{"start":{"line":29,"column":23},"end":{"line":29,"column":24}},"loc":{"start":{"line":29,"column":32},"end":{"line":41,"column":3}},"line":29},"4":{"name":"(anonymous_4)","decl":{"start":{"line":37,"column":19},"end":{"line":37,"column":20}},"loc":{"start":{"line":37,"column":25},"end":{"line":37,"column":60}},"line":37},"5":{"name":"(anonymous_5)","decl":{"start":{"line":56,"column":50},"end":{"line":56,"column":51}},"loc":{"start":{"line":57,"column":10},"end":{"line":65,"column":29}},"line":57},"6":{"name":"(anonymous_6)","decl":{"start":{"line":60,"column":21},"end":{"line":60,"column":22}},"loc":{"start":{"line":60,"column":27},"end":{"line":60,"column":43}},"line":60},"7":{"name":"(anonymous_7)","decl":{"start":{"line":71,"column":22},"end":{"line":71,"column":23}},"loc":{"start":{"line":71,"column":32},"end":{"line":71,"column":39}},"line":71},"8":{"name":"(anonymous_8)","decl":{"start":{"line":79,"column":20},"end":{"line":79,"column":21}},"loc":{"start":{"line":79,"column":34},"end":{"line":104,"column":9}},"line":79},"9":{"name":"(anonymous_9)","decl":{"start":{"line":86,"column":27},"end":{"line":86,"column":28}},"loc":{"start":{"line":86,"column":33},"end":{"line":86,"column":51}},"line":86}},"branchMap":{"0":{"loc":{"start":{"line":20,"column":24},"end":{"line":20,"column":69}},"type":"binary-expr","locations":[{"start":{"line":20,"column":24},"end":{"line":20,"column":44}},{"start":{"line":20,"column":48},"end":{"line":20,"column":69}}],"line":20},"1":{"loc":{"start":{"line":22,"column":8},"end":{"line":24,"column":63}},"type":"binary-expr","locations":[{"start":{"line":22,"column":8},"end":{"line":22,"column":15}},{"start":{"line":23,"column":8},"end":{"line":23,"column":66}},{"start":{"line":24,"column":8},"end":{"line":24,"column":63}}],"line":22},"2":{"loc":{"start":{"line":25,"column":13},"end":{"line":25,"column":37}},"type":"binary-expr","locations":[{"start":{"line":25,"column":13},"end":{"line":25,"column":22}},{"start":{"line":25,"column":26},"end":{"line":25,"column":37}}],"line":25},"3":{"loc":{"start":{"line":59,"column":32},"end":{"line":59,"column":68}},"type":"binary-expr","locations":[{"start":{"line":59,"column":32},"end":{"line":59,"column":48}},{"start":{"line":59,"column":52},"end":{"line":59,"column":68}}],"line":59},"4":{"loc":{"start":{"line":62,"column":42},"end":{"line":62,"column":82}},"type":"binary-expr","locations":[{"start":{"line":62,"column":42},"end":{"line":62,"column":58}},{"start":{"line":62,"column":62},"end":{"line":62,"column":82}}],"line":62},"5":{"loc":{"start":{"line":89,"column":33},"end":{"line":89,"column":112}},"type":"cond-expr","locations":[{"start":{"line":89,"column":44},"end":{"line":89,"column":62}},{"start":{"line":89,"column":65},"end":{"line":89,"column":112}}],"line":89},"6":{"loc":{"start":{"line":89,"column":65},"end":{"line":89,"column":112}},"type":"cond-expr","locations":[{"start":{"line":89,"column":74},"end":{"line":89,"column":90}},{"start":{"line":89,"column":93},"end":{"line":89,"column":112}}],"line":89},"7":{"loc":{"start":{"line":95,"column":73},"end":{"line":95,"column":100}},"type":"binary-expr","locations":[{"start":{"line":95,"column":73},"end":{"line":95,"column":82}},{"start":{"line":95,"column":86},"end":{"line":95,"column":100}}],"line":95},"8":{"loc":{"start":{"line":98,"column":23},"end":{"line":98,"column":68}},"type":"cond-expr","locations":[{"start":{"line":98,"column":34},"end":{"line":98,"column":41}},{"start":{"line":98,"column":44},"end":{"line":98,"column":68}}],"line":98},"9":{"loc":{"start":{"line":98,"column":44},"end":{"line":98,"column":68}},"type":"cond-expr","locations":[{"start":{"line":98,"column":53},"end":{"line":98,"column":60}},{"start":{"line":98,"column":63},"end":{"line":98,"column":68}}],"line":98},"10":{"loc":{"start":{"line":100,"column":17},"end":{"line":100,"column":37}},"type":"cond-expr","locations":[{"start":{"line":100,"column":28},"end":{"line":100,"column":31}},{"start":{"line":100,"column":34},"end":{"line":100,"column":37}}],"line":100}},"s":{"0":0,"1":0,"2":0,"3":0,"4":0,"5":0,"6":0,"7":0,"8":0,"9":0,"10":0,"11":0,"12":0,"13":0,"14":0,"15":0,"16":0,"17":0,"18":0,"19":0,"20":0,"21":0,"22":0},"f":{"0":0,"1":0,"2":0,"3":0,"4":0,"5":0,"6":0,"7":0,"8":0,"9":0},"b":{"0":[0,0],"1":[0,0,0],"2":[0,0],"3":[0,0],"4":[0,0],"5":[0,0],"6":[0,0],"7":[0,0],"8":[0,0],"9":[0,0],"10":[0,0]}}
,"C:\\Users\\Sudhanshu\\Documents\\project\\expense-tracker\\app\\services\\authService.js": {"path":"C:\\Users\\Sudhanshu\\Documents\\project\\expense-tracker\\app\\services\\authService.js","statementMap":{"0":{"start":{"line":12,"column":23},"end":{"line":12,"column":47}},"1":{"start":{"line":16,"column":2},"end":{"line":23,"column":3}},"2":{"start":{"line":17,"column":19},"end":{"line":17,"column":62}},"3":{"start":{"line":18,"column":4},"end":{"line":18,"column":41}},"4":{"start":{"line":19,"column":4},"end":{"line":19,"column":23}},"5":{"start":{"line":21,"column":4},"end":{"line":21,"column":50}},"6":{"start":{"line":22,"column":4},"end":{"line":22,"column":16}},"7":{"start":{"line":28,"column":14},"end":{"line":28,"column":40}},"8":{"start":{"line":29,"column":15},"end":{"line":29,"column":32}},"9":{"start":{"line":31,"column":2},"end":{"line":47,"column":3}},"10":{"start":{"line":33,"column":4},"end":{"line":43,"column":7}},"11":{"start":{"line":46,"column":4},"end":{"line":46,"column":75}},"12":{"start":{"line":52,"column":14},"end":{"line":52,"column":35}},"13":{"start":{"line":53,"column":15},"end":{"line":53,"column":32}},"14":{"start":{"line":54,"column":2},"end":{"line":54,"column":44}},"15":{"start":{"line":59,"column":2},"end":{"line":59,"column":30}},"16":{"start":{"line":64,"column":2},"end":{"line":64,"column":44}}},"fnMap":{"0":{"name":"signInWithGoogle","decl":{"start":{"line":15,"column":22},"end":{"line":15,"column":38}},"loc":{"start":{"line":15,"column":41},"end":{"line":24,"column":1}},"line":15},"1":{"name":"upsertUserProfile","decl":{"start":{"line":27,"column":22},"end":{"line":27,"column":39}},"loc":{"start":{"line":27,"column":46},"end":{"line":48,"column":1}},"line":27},"2":{"name":"getUserProfile","decl":{"start":{"line":51,"column":22},"end":{"line":51,"column":36}},"loc":{"start":{"line":51,"column":42},"end":{"line":55,"column":1}},"line":51},"3":{"name":"signOut","decl":{"start":{"line":58,"column":22},"end":{"line":58,"column":29}},"loc":{"start":{"line":58,"column":32},"end":{"line":60,"column":1}},"line":58},"4":{"name":"onAuthChange","decl":{"start":{"line":63,"column":16},"end":{"line":63,"column":28}},"loc":{"start":{"line":63,"column":39},"end":{"line":65,"column":1}},"line":63}},"branchMap":{"0":{"loc":{"start":{"line":31,"column":2},"end":{"line":47,"column":3}},"type":"if","locations":[{"start":{"line":31,"column":2},"end":{"line":47,"column":3}},{"start":{"line":44,"column":9},"end":{"line":47,"column":3}}],"line":31},"1":{"loc":{"start":{"line":54,"column":9},"end":{"line":54,"column":43}},"type":"cond-expr","locations":[{"start":{"line":54,"column":25},"end":{"line":54,"column":36}},{"start":{"line":54,"column":39},"end":{"line":54,"column":43}}],"line":54}},"s":{"0":0,"1":0,"2":0,"3":0,"4":0,"5":0,"6":0,"7":0,"8":0,"9":0,"10":0,"11":0,"12":0,"13":0,"14":0,"15":0,"16":0},"f":{"0":0,"1":0,"2":0,"3":0,"4":0},"b":{"0":[0,0],"1":[0,0]}}
,"C:\\Users\\Sudhanshu\\Documents\\project\\expense-tracker\\app\\services\\sheetsService.js": {"path":"C:\\Users\\Sudhanshu\\Documents\\project\\expense-tracker\\app\\services\\sheetsService.js","statementMap":{"0":{"start":{"line":5,"column":18},"end":{"line":5,"column":35}},"1":{"start":{"line":9,"column":13},"end":{"line":9,"column":56}},"2":{"start":{"line":10,"column":17},"end":{"line":10,"column":42}},"3":{"start":{"line":11,"column":2},"end":{"line":11,"column":21}},"4":{"start":{"line":16,"column":13},"end":{"line":16,"column":56}},"5":{"start":{"line":17,"column":17},"end":{"line":17,"column":42}},"6":{"start":{"line":18,"column":2},"end":{"line":18,"column":21}},"7":{"start":{"line":23,"column":13},"end":{"line":23,"column":61}},"8":{"start":{"line":24,"column":17},"end":{"line":24,"column":43}},"9":{"start":{"line":25,"column":2},"end":{"line":25,"column":21}},"10":{"start":{"line":30,"column":2},"end":{"line":30,"column":67}}},"fnMap":{"0":{"name":"createUserSheet","decl":{"start":{"line":8,"column":22},"end":{"line":8,"column":37}},"loc":{"start":{"line":8,"column":51},"end":{"line":12,"column":1}},"line":8},"1":{"name":"syncTransaction","decl":{"start":{"line":15,"column":22},"end":{"line":15,"column":37}},"loc":{"start":{"line":15,"column":51},"end":{"line":19,"column":1}},"line":15},"2":{"name":"bulkSyncTransactions","decl":{"start":{"line":22,"column":22},"end":{"line":22,"column":42}},"loc":{"start":{"line":22,"column":57},"end":{"line":26,"column":1}},"line":22},"3":{"name":"getSheetUrl","decl":{"start":{"line":29,"column":16},"end":{"line":29,"column":27}},"loc":{"start":{"line":29,"column":43},"end":{"line":31,"column":1}},"line":29}},"branchMap":{},"s":{"0":0,"1":0,"2":0,"3":0,"4":0,"5":0,"6":0,"7":0,"8":0,"9":0,"10":0},"f":{"0":0,"1":0,"2":0,"3":0},"b":{}}
,"C:\\Users\\Sudhanshu\\Documents\\project\\expense-tracker\\app\\store\\index.js": {"path":"C:\\Users\\Sudhanshu\\Documents\\project\\expense-tracker\\app\\store\\index.js","statementMap":{"0":{"start":{"line":10,"column":28},"end":{"line":18,"column":3}},"1":{"start":{"line":10,"column":45},"end":{"line":18,"column":1}},"2":{"start":{"line":14,"column":21},"end":{"line":14,"column":34}},"3":{"start":{"line":15,"column":27},"end":{"line":15,"column":43}},"4":{"start":{"line":16,"column":28},"end":{"line":16,"column":54}},"5":{"start":{"line":17,"column":17},"end":{"line":17,"column":57}},"6":{"start":{"line":21,"column":35},"end":{"line":141,"column":3}},"7":{"start":{"line":21,"column":57},"end":{"line":141,"column":1}},"8":{"start":{"line":30,"column":34},"end":{"line":30,"column":39}},"9":{"start":{"line":31,"column":4},"end":{"line":31,"column":21}},"10":{"start":{"line":31,"column":14},"end":{"line":31,"column":21}},"11":{"start":{"line":33,"column":14},"end":{"line":36,"column":5}},"12":{"start":{"line":38,"column":18},"end":{"line":41,"column":6}},"13":{"start":{"line":39,"column":27},"end":{"line":39,"column":76}},"14":{"start":{"line":39,"column":49},"end":{"line":39,"column":74}},"15":{"start":{"line":40,"column":6},"end":{"line":40,"column":44}},"16":{"start":{"line":43,"column":4},"end":{"line":43,"column":47}},"17":{"start":{"line":44,"column":4},"end":{"line":44,"column":17}},"18":{"start":{"line":49,"column":4},"end":{"line":49,"column":27}},"19":{"start":{"line":50,"column":4},"end":{"line":64,"column":5}},"20":{"start":{"line":51,"column":21},"end":{"line":51,"column":65}},"21":{"start":{"line":52,"column":21},"end":{"line":56,"column":8}},"22":{"start":{"line":58,"column":6},"end":{"line":58,"column":49}},"23":{"start":{"line":59,"column":6},"end":{"line":59,"column":54}},"24":{"start":{"line":60,"column":6},"end":{"line":60,"column":23}},"25":{"start":{"line":62,"column":6},"end":{"line":62,"column":30}},"26":{"start":{"line":63,"column":6},"end":{"line":63,"column":16}},"27":{"start":{"line":69,"column":4},"end":{"line":69,"column":27}},"28":{"start":{"line":70,"column":4},"end":{"line":76,"column":5}},"29":{"start":{"line":71,"column":6},"end":{"line":71,"column":68}},"30":{"start":{"line":72,"column":6},"end":{"line":72,"column":54}},"31":{"start":{"line":74,"column":6},"end":{"line":74,"column":30}},"32":{"start":{"line":75,"column":6},"end":{"line":75,"column":16}},"33":{"start":{"line":81,"column":29},"end":{"line":81,"column":34}},"34":{"start":{"line":82,"column":4},"end":{"line":90,"column":6}},"35":{"start":{"line":84,"column":8},"end":{"line":86,"column":57}},"36":{"start":{"line":84,"column":33},"end":{"line":84,"column":56}},"37":{"start":{"line":85,"column":13},"end":{"line":86,"column":57}},"38":{"start":{"line":85,"column":39},"end":{"line":85,"column":63}},"39":{"start":{"line":86,"column":13},"end":{"line":86,"column":57}},"40":{"start":{"line":86,"column":36},"end":{"line":86,"column":57}},"41":{"start":{"line":87,"column":8},"end":{"line":87,"column":19}},"42":{"start":{"line":95,"column":29},"end":{"line":95,"column":34}},"43":{"start":{"line":96,"column":16},"end":{"line":96,"column":18}},"44":{"start":{"line":97,"column":4},"end":{"line":101,"column":9}},"45":{"start":{"line":98,"column":21},"end":{"line":98,"column":41}},"46":{"start":{"line":100,"column":8},"end":{"line":100,"column":60}},"47":{"start":{"line":102,"column":4},"end":{"line":104,"column":43}},"48":{"start":{"line":103,"column":32},"end":{"line":103,"column":48}},"49":{"start":{"line":104,"column":22},"end":{"line":104,"column":41}},"50":{"start":{"line":109,"column":29},"end":{"line":109,"column":34}},"51":{"start":{"line":110,"column":19},"end":{"line":110,"column":21}},"52":{"start":{"line":111,"column":4},"end":{"line":121,"column":5}},"53":{"start":{"line":111,"column":17},"end":{"line":111,"column":18}},"54":{"start":{"line":112,"column":16},"end":{"line":112,"column":26}},"55":{"start":{"line":113,"column":6},"end":{"line":113,"column":35}},"56":{"start":{"line":114,"column":6},"end":{"line":120,"column":9}},"57":{"start":{"line":123,"column":4},"end":{"line":131,"column":7}},"58":{"start":{"line":124,"column":19},"end":{"line":124,"column":70}},"59":{"start":{"line":125,"column":16},"end":{"line":127,"column":7}},"60":{"start":{"line":126,"column":16},"end":{"line":126,"column":78}},"61":{"start":{"line":128,"column":6},"end":{"line":128,"column":21}},"62":{"start":{"line":128,"column":14},"end":{"line":128,"column":21}},"63":{"start":{"line":129,"column":6},"end":{"line":130,"column":59}},"64":{"start":{"line":129,"column":31},"end":{"line":129,"column":52}},"65":{"start":{"line":130,"column":11},"end":{"line":130,"column":59}},"66":{"start":{"line":130,"column":37},"end":{"line":130,"column":59}},"67":{"start":{"line":133,"column":4},"end":{"line":133,"column":18}},"68":{"start":{"line":137,"column":28},"end":{"line":137,"column":33}},"69":{"start":{"line":138,"column":4},"end":{"line":138,"column":35}},"70":{"start":{"line":138,"column":21},"end":{"line":138,"column":35}},"71":{"start":{"line":139,"column":4},"end":{"line":139,"column":67}}},"fnMap":{"0":{"name":"(anonymous_0)","decl":{"start":{"line":10,"column":35},"end":{"line":10,"column":36}},"loc":{"start":{"line":10,"column":45},"end":{"line":18,"column":1}},"line":10},"1":{"name":"(anonymous_1)","decl":{"start":{"line":14,"column":11},"end":{"line":14,"column":12}},"loc":{"start":{"line":14,"column":21},"end":{"line":14,"column":34}},"line":14},"2":{"name":"(anonymous_2)","decl":{"start":{"line":15,"column":14},"end":{"line":15,"column":15}},"loc":{"start":{"line":15,"column":27},"end":{"line":15,"column":43}},"line":15},"3":{"name":"(anonymous_3)","decl":{"start":{"line":16,"column":20},"end":{"line":16,"column":21}},"loc":{"start":{"line":16,"column":28},"end":{"line":16,"column":54}},"line":16},"4":{"name":"(anonymous_4)","decl":{"start":{"line":17,"column":11},"end":{"line":17,"column":12}},"loc":{"start":{"line":17,"column":17},"end":{"line":17,"column":57}},"line":17},"5":{"name":"(anonymous_5)","decl":{"start":{"line":21,"column":42},"end":{"line":21,"column":43}},"loc":{"start":{"line":21,"column":57},"end":{"line":141,"column":1}},"line":21},"6":{"name":"(anonymous_6)","decl":{"start":{"line":29,"column":13},"end":{"line":29,"column":14}},"loc":{"start":{"line":29,"column":22},"end":{"line":45,"column":3}},"line":29},"7":{"name":"(anonymous_7)","decl":{"start":{"line":38,"column":32},"end":{"line":38,"column":33}},"loc":{"start":{"line":38,"column":42},"end":{"line":41,"column":5}},"line":38},"8":{"name":"(anonymous_8)","decl":{"start":{"line":39,"column":41},"end":{"line":39,"column":42}},"loc":{"start":{"line":39,"column":49},"end":{"line":39,"column":74}},"line":39},"9":{"name":"(anonymous_9)","decl":{"start":{"line":48,"column":18},"end":{"line":48,"column":19}},"loc":{"start":{"line":48,"column":38},"end":{"line":65,"column":3}},"line":48},"10":{"name":"(anonymous_10)","decl":{"start":{"line":68,"column":21},"end":{"line":68,"column":22}},"loc":{"start":{"line":68,"column":43},"end":{"line":77,"column":3}},"line":68},"11":{"name":"(anonymous_11)","decl":{"start":{"line":80,"column":13},"end":{"line":80,"column":14}},"loc":{"start":{"line":80,"column":19},"end":{"line":91,"column":3}},"line":80},"12":{"name":"(anonymous_12)","decl":{"start":{"line":83,"column":6},"end":{"line":83,"column":7}},"loc":{"start":{"line":83,"column":18},"end":{"line":88,"column":7}},"line":83},"13":{"name":"(anonymous_13)","decl":{"start":{"line":94,"column":17},"end":{"line":94,"column":18}},"loc":{"start":{"line":94,"column":23},"end":{"line":105,"column":3}},"line":94},"14":{"name":"(anonymous_14)","decl":{"start":{"line":98,"column":14},"end":{"line":98,"column":15}},"loc":{"start":{"line":98,"column":21},"end":{"line":98,"column":41}},"line":98},"15":{"name":"(anonymous_15)","decl":{"start":{"line":99,"column":15},"end":{"line":99,"column":16}},"loc":{"start":{"line":99,"column":22},"end":{"line":101,"column":7}},"line":99},"16":{"name":"(anonymous_16)","decl":{"start":{"line":103,"column":11},"end":{"line":103,"column":12}},"loc":{"start":{"line":103,"column":32},"end":{"line":103,"column":48}},"line":103},"17":{"name":"(anonymous_17)","decl":{"start":{"line":104,"column":12},"end":{"line":104,"column":13}},"loc":{"start":{"line":104,"column":22},"end":{"line":104,"column":41}},"line":104},"18":{"name":"(anonymous_18)","decl":{"start":{"line":108,"column":18},"end":{"line":108,"column":19}},"loc":{"start":{"line":108,"column":24},"end":{"line":134,"column":3}},"line":108},"19":{"name":"(anonymous_19)","decl":{"start":{"line":123,"column":25},"end":{"line":123,"column":26}},"loc":{"start":{"line":123,"column":32},"end":{"line":131,"column":5}},"line":123},"20":{"name":"(anonymous_20)","decl":{"start":{"line":126,"column":8},"end":{"line":126,"column":9}},"loc":{"start":{"line":126,"column":16},"end":{"line":126,"column":78}},"line":126},"21":{"name":"(anonymous_21)","decl":{"start":{"line":136,"column":9},"end":{"line":136,"column":10}},"loc":{"start":{"line":136,"column":15},"end":{"line":140,"column":3}},"line":136}},"branchMap":{"0":{"loc":{"start":{"line":31,"column":4},"end":{"line":31,"column":21}},"type":"if","locations":[{"start":{"line":31,"column":4},"end":{"line":31,"column":21}},{"start":{},"end":{}}],"line":31},"1":{"loc":{"start":{"line":84,"column":8},"end":{"line":86,"column":57}},"type":"if","locations":[{"start":{"line":84,"column":8},"end":{"line":86,"column":57}},{"start":{"line":85,"column":13},"end":{"line":86,"column":57}}],"line":84},"2":{"loc":{"start":{"line":85,"column":13},"end":{"line":86,"column":57}},"type":"if","locations":[{"start":{"line":85,"column":13},"end":{"line":86,"column":57}},{"start":{"line":86,"column":13},"end":{"line":86,"column":57}}],"line":85},"3":{"loc":{"start":{"line":86,"column":13},"end":{"line":86,"column":57}},"type":"if","locations":[{"start":{"line":86,"column":13},"end":{"line":86,"column":57}},{"start":{},"end":{}}],"line":86},"4":{"loc":{"start":{"line":100,"column":27},"end":{"line":100,"column":47}},"type":"binary-expr","locations":[{"start":{"line":100,"column":27},"end":{"line":100,"column":42}},{"start":{"line":100,"column":46},"end":{"line":100,"column":47}}],"line":100},"5":{"loc":{"start":{"line":124,"column":19},"end":{"line":124,"column":70}},"type":"cond-expr","locations":[{"start":{"line":124,"column":36},"end":{"line":124,"column":51}},{"start":{"line":124,"column":54},"end":{"line":124,"column":70}}],"line":124},"6":{"loc":{"start":{"line":126,"column":16},"end":{"line":126,"column":78}},"type":"binary-expr","locations":[{"start":{"line":126,"column":16},"end":{"line":126,"column":44}},{"start":{"line":126,"column":48},"end":{"line":126,"column":78}}],"line":126},"7":{"loc":{"start":{"line":128,"column":6},"end":{"line":128,"column":21}},"type":"if","locations":[{"start":{"line":128,"column":6},"end":{"line":128,"column":21}},{"start":{},"end":{}}],"line":128},"8":{"loc":{"start":{"line":129,"column":6},"end":{"line":130,"column":59}},"type":"if","locations":[{"start":{"line":129,"column":6},"end":{"line":130,"column":59}},{"start":{"line":130,"column":11},"end":{"line":130,"column":59}}],"line":129},"9":{"loc":{"start":{"line":130,"column":11},"end":{"line":130,"column":59}},"type":"if","locations":[{"start":{"line":130,"column":11},"end":{"line":130,"column":59}},{"start":{},"end":{}}],"line":130},"10":{"loc":{"start":{"line":138,"column":4},"end":{"line":138,"column":35}},"type":"if","locations":[{"start":{"line":138,"column":4},"end":{"line":138,"column":35}},{"start":{},"end":{}}],"line":138}},"s":{"0":1,"1":1,"2":1,"3":1,"4":1,"5":1,"6":1,"7":1,"8":0,"9":0,"10":0,"11":0,"12":0,"13":0,"14":0,"15":0,"16":0,"17":0,"18":0,"19":0,"20":0,"21":0,"22":0,"23":0,"24":0,"25":0,"26":0,"27":0,"28":0,"29":0,"30":0,"31":0,"32":0,"33":4,"34":4,"35":12,"36":3,"37":9,"38":6,"39":3,"40":3,"41":12,"42":4,"43":4,"44":4,"45":13,"46":9,"47":4,"48":6,"49":3,"50":2,"51":2,"52":2,"53":2,"54":12,"55":12,"56":12,"57":2,"58":2,"59":2,"60":12,"61":2,"62":0,"63":2,"64":1,"65":1,"66":1,"67":2,"68":1,"69":1,"70":0,"71":1},"f":{"0":1,"1":1,"2":1,"3":1,"4":1,"5":1,"6":0,"7":0,"8":0,"9":0,"10":0,"11":4,"12":12,"13":4,"14":13,"15":9,"16":6,"17":3,"18":2,"19":2,"20":12,"21":1},"b":{"0":[0,0],"1":[3,9],"2":[6,3],"3":[3,0],"4":[9,6],"5":[0,2],"6":[12,2],"7":[0,2],"8":[1,1],"9":[1,0],"10":[0,1]},"_coverageSchema":"1a1c01bbd47fc00a2c39e90264f33305004495a9","hash":"4203ab7a66505f1498573482da6dce58e41152f6"}
,"C:\\Users\\Sudhanshu\\Documents\\project\\expense-tracker\\app\\utils\\constants.js": {"path":"C:\\Users\\Sudhanshu\\Documents\\project\\expense-tracker\\app\\utils\\constants.js","statementMap":{"0":{"start":{"line":3,"column":24},"end":{"line":7,"column":1}},"1":{"start":{"line":9,"column":33},"end":{"line":13,"column":1}},"2":{"start":{"line":15,"column":26},"end":{"line":41,"column":1}},"3":{"start":{"line":43,"column":30},"end":{"line":47,"column":1}},"4":{"start":{"line":49,"column":31},"end":{"line":50,"column":70}},"5":{"start":{"line":50,"column":2},"end":{"line":50,"column":70}},"6":{"start":{"line":50,"column":29},"end":{"line":50,"column":40}},"7":{"start":{"line":52,"column":22},"end":{"line":59,"column":1}},"8":{"start":{"line":62,"column":21},"end":{"line":79,"column":1}},"9":{"start":{"line":83,"column":2},"end":{"line":87,"column":20}},"10":{"start":{"line":91,"column":12},"end":{"line":91,"column":57}},"11":{"start":{"line":92,"column":2},"end":{"line":92,"column":92}},"12":{"start":{"line":96,"column":12},"end":{"line":96,"column":57}},"13":{"start":{"line":97,"column":2},"end":{"line":97,"column":75}}},"fnMap":{"0":{"name":"(anonymous_0)","decl":{"start":{"line":49,"column":31},"end":{"line":49,"column":32}},"loc":{"start":{"line":50,"column":2},"end":{"line":50,"column":70}},"line":50},"1":{"name":"(anonymous_1)","decl":{"start":{"line":50,"column":22},"end":{"line":50,"column":23}},"loc":{"start":{"line":50,"column":29},"end":{"line":50,"column":40}},"line":50},"2":{"name":"formatCurrency","decl":{"start":{"line":82,"column":16},"end":{"line":82,"column":30}},"loc":{"start":{"line":82,"column":39},"end":{"line":88,"column":1}},"line":82},"3":{"name":"formatDate","decl":{"start":{"line":90,"column":16},"end":{"line":90,"column":26}},"loc":{"start":{"line":90,"column":33},"end":{"line":93,"column":1}},"line":90},"4":{"name":"formatShortDate","decl":{"start":{"line":95,"column":16},"end":{"line":95,"column":31}},"loc":{"start":{"line":95,"column":38},"end":{"line":98,"column":1}},"line":95}},"branchMap":{"0":{"loc":{"start":{"line":50,"column":2},"end":{"line":50,"column":70}},"type":"binary-expr","locations":[{"start":{"line":50,"column":2},"end":{"line":50,"column":41}},{"start":{"line":50,"column":45},"end":{"line":50,"column":70}}],"line":50},"1":{"loc":{"start":{"line":91,"column":12},"end":{"line":91,"column":57}},"type":"cond-expr","locations":[{"start":{"line":91,"column":27},"end":{"line":91,"column":40}},{"start":{"line":91,"column":43},"end":{"line":91,"column":57}}],"line":91},"2":{"loc":{"start":{"line":96,"column":12},"end":{"line":96,"column":57}},"type":"cond-expr","locations":[{"start":{"line":96,"column":27},"end":{"line":96,"column":40}},{"start":{"line":96,"column":43},"end":{"line":96,"column":57}}],"line":96}},"s":{"0":1,"1":1,"2":1,"3":1,"4":1,"5":4,"6":43,"7":1,"8":1,"9":4,"10":2,"11":2,"12":1,"13":1},"f":{"0":4,"1":43,"2":4,"3":2,"4":1},"b":{"0":[4,1],"1":[0,2],"2":[0,1]},"_coverageSchema":"1a1c01bbd47fc00a2c39e90264f33305004495a9","hash":"f3d97d3c454f14ea72feaafb5557069523aac545"}
}
