TN:
SF:app\components\AddTransactionModal.js
FN:13,AddTransactionModal
FN:25,(anonymous_1)
FN:30,(anonymous_2)
FN:83,(anonymous_3)
FN:90,(anonymous_4)
FN:135,(anonymous_5)
FN:142,(anonymous_6)
FNF:7
FNH:0
FNDA:0,AddTransactionModal
FNDA:0,(anonymous_1)
FNDA:0,(anonymous_2)
FNDA:0,(anonymous_3)
FNDA:0,(anonymous_4)
FNDA:0,(anonymous_5)
FNDA:0,(anonymous_6)
DA:11,0
DA:14,0
DA:15,0
DA:17,0
DA:18,0
DA:19,0
DA:20,0
DA:21,0
DA:23,0
DA:25,0
DA:26,0
DA:27,0
DA:30,0
DA:31,0
DA:32,0
DA:33,0
DA:35,0
DA:36,0
DA:37,0
DA:39,0
DA:40,0
DA:41,0
DA:44,0
DA:45,0
DA:46,0
DA:54,0
DA:55,0
DA:56,0
DA:57,0
DA:59,0
DA:61,0
DA:65,0
DA:67,0
DA:84,0
DA:90,0
DA:136,0
DA:142,0
DA:177,0
LF:38
LH:0
BRDA:13,0,0,0
BRDA:23,1,0,0
BRDA:23,1,1,0
BRDA:31,2,0,0
BRDA:31,2,1,0
BRDA:31,3,0,0
BRDA:31,3,1,0
BRDA:35,4,0,0
BRDA:35,4,1,0
BRDA:39,5,0,0
BRDA:39,5,1,0
BRDA:59,6,0,0
BRDA:59,6,1,0
BRDA:65,7,0,0
BRDA:65,7,1,0
BRDA:65,8,0,0
BRDA:65,8,1,0
BRDA:76,9,0,0
BRDA:76,9,1,0
BRDA:88,10,0,0
BRDA:88,10,1,0
BRDA:94,11,0,0
BRDA:94,11,1,0
BRDA:140,12,0,0
BRDA:140,12,1,0
BRDA:147,13,0,0
BRDA:147,13,1,0
BRDA:158,14,0,0
BRDA:158,14,1,0
BRDA:162,15,0,0
BRDA:162,15,1,0
BRF:31
BRH:0
end_of_record
TN:
SF:app\hooks\useAuth.js
FN:6,useAuth
FN:13,(anonymous_1)
FN:15,(anonymous_2)
FN:20,(anonymous_3)
FN:28,(anonymous_4)
FN:53,(anonymous_5)
FN:64,(anonymous_6)
FN:72,(anonymous_7)
FNF:8
FNH:0
FNDA:0,useAuth
FNDA:0,(anonymous_1)
FNDA:0,(anonymous_2)
FNDA:0,(anonymous_3)
FNDA:0,(anonymous_4)
FNDA:0,(anonymous_5)
FNDA:0,(anonymous_6)
FNDA:0,(anonymous_7)
DA:7,0
DA:8,0
DA:10,0
DA:13,0
DA:15,0
DA:16,0
DA:17,0
DA:20,0
DA:21,0
DA:22,0
DA:23,0
DA:27,0
DA:28,0
DA:29,0
DA:30,0
DA:32,0
DA:33,0
DA:34,0
DA:35,0
DA:36,0
DA:37,0
DA:39,0
DA:40,0
DA:43,0
DA:45,0
DA:46,0
DA:47,0
DA:48,0
DA:53,0
DA:54,0
DA:55,0
DA:56,0
DA:59,0
DA:60,0
DA:64,0
DA:65,0
DA:66,0
DA:68,0
DA:72,0
DA:73,0
DA:74,0
DA:75,0
DA:78,0
LF:43
LH:0
BRDA:21,0,0,0
BRDA:21,0,1,0
BRDA:30,1,0,0
BRDA:30,1,1,0
BRDA:33,2,0,0
BRDA:33,2,1,0
BRDA:36,3,0,0
BRDA:36,3,1,0
BRDA:45,4,0,0
BRDA:45,4,1,0
BRDA:56,5,0,0
BRDA:56,5,1,0
BRF:12
BRH:0
end_of_record
TN:
SF:app\navigation\AppNavigator.js
FN:21,TabIcon
FN:27,MainTabs
FN:48,(anonymous_2)
FN:53,(anonymous_3)
FN:58,(anonymous_4)
FN:63,(anonymous_5)
FN:69,LoadingScreen
FN:78,AppNavigator
FNF:8
FNH:0
FNDA:0,TabIcon
FNDA:0,MainTabs
FNDA:0,(anonymous_2)
FNDA:0,(anonymous_3)
FNDA:0,(anonymous_4)
FNDA:0,(anonymous_5)
FNDA:0,LoadingScreen
FNDA:0,AppNavigator
DA:17,0
DA:18,0
DA:19,0
DA:22,0
DA:28,0
DA:48,0
DA:53,0
DA:58,0
DA:63,0
DA:70,0
DA:79,0
DA:81,0
DA:83,0
DA:84,0
DA:85,0
DA:88,0
DA:89,0
DA:102,0
LF:18
LH:0
BRDA:23,0,0,0
BRDA:23,0,1,0
BRDA:83,1,0,0
BRDA:83,1,1,0
BRDA:92,2,0,0
BRDA:92,2,1,0
BRF:6
BRH:0
end_of_record
TN:
SF:app\screens\AnalyticsScreen.js
FN:12,AnalyticsScreen
FN:20,(anonymous_1)
FN:20,(anonymous_2)
FN:25,(anonymous_3)
FN:25,(anonymous_4)
FN:51,(anonymous_5)
FN:85,(anonymous_6)
FN:131,StatCard
FN:140,SectionTitle
FNF:9
FNH:0
FNDA:0,AnalyticsScreen
FNDA:0,(anonymous_1)
FNDA:0,(anonymous_2)
FNDA:0,(anonymous_3)
FNDA:0,(anonymous_4)
FNDA:0,(anonymous_5)
FNDA:0,(anonymous_6)
FNDA:0,StatCard
FNDA:0,SectionTitle
DA:9,0
DA:10,0
DA:13,0
DA:15,0
DA:16,0
DA:17,0
DA:19,0
DA:20,0
DA:24,0
DA:25,0
DA:29,0
DA:33,0
DA:52,0
DA:53,0
DA:54,0
DA:86,0
DA:87,0
DA:132,0
DA:141,0
DA:144,0
LF:20
LH:0
BRDA:29,0,0,0
BRDA:29,0,1,0
BRDA:57,1,0,0
BRDA:57,1,1,0
BRDA:60,2,0,0
BRDA:60,2,1,0
BRDA:81,3,0,0
BRDA:81,3,1,0
BRDA:102,4,0,0
BRDA:102,4,1,0
BRDA:109,5,0,0
BRDA:109,5,1,0
BRDA:117,6,0,0
BRDA:117,6,1,0
BRDA:119,7,0,0
BRDA:119,7,1,0
BRDA:120,8,0,0
BRDA:120,8,1,0
BRF:18
BRH:0
end_of_record
TN:
SF:app\screens\HomeScreen.js
FN:16,HomeScreen
FN:33,(anonymous_1)
FN:35,(anonymous_2)
FN:37,(anonymous_3)
FN:39,(anonymous_4)
FN:64,(anonymous_5)
FN:100,(anonymous_6)
FN:104,(anonymous_7)
FN:114,(anonymous_8)
FN:126,(anonymous_9)
FN:134,(anonymous_10)
FN:138,(anonymous_11)
FN:157,(anonymous_12)
FN:163,(anonymous_13)
FN:170,(anonymous_14)
FN:176,TransactionRow
FNF:16
FNH:0
FNDA:0,HomeScreen
FNDA:0,(anonymous_1)
FNDA:0,(anonymous_2)
FNDA:0,(anonymous_3)
FNDA:0,(anonymous_4)
FNDA:0,(anonymous_5)
FNDA:0,(anonymous_6)
FNDA:0,(anonymous_7)
FNDA:0,(anonymous_8)
FNDA:0,(anonymous_9)
FNDA:0,(anonymous_10)
FNDA:0,(anonymous_11)
FNDA:0,(anonymous_12)
FNDA:0,(anonymous_13)
FNDA:0,(anonymous_14)
FNDA:0,TransactionRow
DA:12,0
DA:14,0
DA:17,0
DA:18,0
DA:19,0
DA:20,0
DA:21,0
DA:22,0
DA:24,0
DA:25,0
DA:27,0
DA:28,0
DA:29,0
DA:31,0
DA:33,0
DA:35,0
DA:37,0
DA:38,0
DA:39,0
DA:42,0
DA:64,0
DA:101,0
DA:104,0
DA:114,0
DA:126,0
DA:135,0
DA:138,0
DA:157,0
DA:163,0
DA:170,0
DA:177,0
DA:178,0
DA:179,0
DA:181,0
DA:204,0
LF:35
LH:0
BRDA:27,0,0,0
BRDA:27,0,1,0
BRDA:29,1,0,0
BRDA:29,1,1,0
BRDA:29,2,0,0
BRDA:29,2,1,0
BRDA:31,3,0,0
BRDA:31,3,1,0
BRDA:56,4,0,0
BRDA:56,4,1,0
BRDA:57,5,0,0
BRDA:57,5,1,0
BRDA:58,6,0,0
BRDA:58,6,1,0
BRDA:67,7,0,0
BRDA:67,7,1,0
BRDA:137,8,0,0
BRDA:137,8,1,0
BRDA:140,9,0,0
BRDA:140,9,1,0
BRDA:150,10,0,0
BRDA:150,10,1,0
BRDA:184,11,0,0
BRDA:184,11,1,0
BRDA:184,12,0,0
BRDA:184,12,1,0
BRDA:194,13,0,0
BRDA:194,13,1,0
BRDA:194,14,0,0
BRDA:194,14,1,0
BRDA:196,15,0,0
BRDA:196,15,1,0
BRDA:198,16,0,0
BRDA:198,16,1,0
BRF:34
BRH:0
end_of_record
TN:
SF:app\screens\LoginScreen.js
FN:12,LoginScreen
FN:13,(anonymous_1)
FN:40,(anonymous_2)
FNF:3
FNH:0
FNDA:0,LoginScreen
FNDA:0,(anonymous_1)
FNDA:0,(anonymous_2)
DA:10,0
DA:13,0
DA:14,0
DA:15,0
DA:17,0
DA:21,0
DA:41,0
DA:68,0
LF:8
LH:0
BRF:0
BRH:0
end_of_record
TN:
SF:app\screens\ProfileScreen.js
FN:16,ProfileScreen
FN:25,(anonymous_1)
FN:32,(anonymous_2)
FN:42,(anonymous_3)
FN:58,(anonymous_4)
FN:103,(anonymous_5)
FNF:6
FNH:0
FNDA:0,ProfileScreen
FNDA:0,(anonymous_1)
FNDA:0,(anonymous_2)
FNDA:0,(anonymous_3)
FNDA:0,(anonymous_4)
FNDA:0,(anonymous_5)
DA:14,0
DA:17,0
DA:18,0
DA:19,0
DA:20,0
DA:21,0
DA:23,0
DA:25,0
DA:26,0
DA:27,0
DA:28,0
DA:29,0
DA:30,0
DA:31,0
DA:32,0
DA:36,0
DA:38,0
DA:42,0
DA:43,0
DA:44,0
DA:45,0
DA:47,0
DA:48,0
DA:49,0
DA:50,0
DA:52,0
DA:54,0
DA:58,0
DA:59,0
DA:65,0
DA:103,0
DA:140,0
LF:32
LH:0
BRDA:43,0,0,0
BRDA:43,0,1,0
BRDA:72,1,0,0
BRDA:72,1,1,0
BRDA:99,2,0,0
BRDA:99,2,1,0
BRDA:107,3,0,0
BRDA:107,3,1,0
BRDA:113,4,0,0
BRDA:113,4,1,0
BRDA:124,5,0,0
BRDA:124,5,1,0
BRF:12
BRH:0
end_of_record
TN:
SF:app\screens\TransactionsScreen.js
FN:12,TransactionsScreen
FN:18,(anonymous_1)
FN:19,(anonymous_2)
FN:29,(anonymous_3)
FN:37,(anonymous_4)
FN:56,(anonymous_5)
FN:60,(anonymous_6)
FN:71,(anonymous_7)
FN:79,(anonymous_8)
FN:86,(anonymous_9)
FNF:10
FNH:0
FNDA:0,TransactionsScreen
FNDA:0,(anonymous_1)
FNDA:0,(anonymous_2)
FNDA:0,(anonymous_3)
FNDA:0,(anonymous_4)
FNDA:0,(anonymous_5)
FNDA:0,(anonymous_6)
FNDA:0,(anonymous_7)
FNDA:0,(anonymous_8)
FNDA:0,(anonymous_9)
DA:10,0
DA:13,0
DA:14,0
DA:15,0
DA:16,0
DA:18,0
DA:19,0
DA:20,0
DA:22,0
DA:25,0
DA:29,0
DA:30,0
DA:37,0
DA:43,0
DA:57,0
DA:60,0
DA:71,0
DA:80,0
DA:81,0
DA:82,0
DA:83,0
DA:86,0
DA:110,0
LF:23
LH:0
BRDA:20,0,0,0
BRDA:20,0,1,0
BRDA:22,1,0,0
BRDA:22,1,1,0
BRDA:22,1,2,0
BRDA:25,2,0,0
BRDA:25,2,1,0
BRDA:59,3,0,0
BRDA:59,3,1,0
BRDA:62,4,0,0
BRDA:62,4,1,0
BRDA:89,5,0,0
BRDA:89,5,1,0
BRDA:89,6,0,0
BRDA:89,6,1,0
BRDA:95,7,0,0
BRDA:95,7,1,0
BRDA:98,8,0,0
BRDA:98,8,1,0
BRDA:98,9,0,0
BRDA:98,9,1,0
BRDA:100,10,0,0
BRDA:100,10,1,0
BRF:23
BRH:0
end_of_record
TN:
SF:app\services\authService.js
FN:15,signInWithGoogle
FN:27,upsertUserProfile
FN:51,getUserProfile
FN:58,signOut
FN:63,onAuthChange
FNF:5
FNH:0
FNDA:0,signInWithGoogle
FNDA:0,upsertUserProfile
FNDA:0,getUserProfile
FNDA:0,signOut
FNDA:0,onAuthChange
DA:12,0
DA:16,0
DA:17,0
DA:18,0
DA:19,0
DA:21,0
DA:22,0
DA:28,0
DA:29,0
DA:31,0
DA:33,0
DA:46,0
DA:52,0
DA:53,0
DA:54,0
DA:59,0
DA:64,0
LF:17
LH:0
BRDA:31,0,0,0
BRDA:31,0,1,0
BRDA:54,1,0,0
BRDA:54,1,1,0
BRF:4
BRH:0
end_of_record
TN:
SF:app\services\sheetsService.js
FN:8,createUserSheet
FN:15,syncTransaction
FN:22,bulkSyncTransactions
FN:29,getSheetUrl
FNF:4
FNH:0
FNDA:0,createUserSheet
FNDA:0,syncTransaction
FNDA:0,bulkSyncTransactions
FNDA:0,getSheetUrl
DA:5,0
DA:9,0
DA:10,0
DA:11,0
DA:16,0
DA:17,0
DA:18,0
DA:23,0
DA:24,0
DA:25,0
DA:30,0
LF:11
LH:0
BRF:0
BRH:0
end_of_record
TN:
SF:app\store\index.js
FN:10,(anonymous_0)
FN:14,(anonymous_1)
FN:15,(anonymous_2)
FN:16,(anonymous_3)
FN:17,(anonymous_4)
FN:21,(anonymous_5)
FN:29,(anonymous_6)
FN:38,(anonymous_7)
FN:39,(anonymous_8)
FN:48,(anonymous_9)
FN:68,(anonymous_10)
FN:80,(anonymous_11)
FN:83,(anonymous_12)
FN:94,(anonymous_13)
FN:98,(anonymous_14)
FN:99,(anonymous_15)
FN:103,(anonymous_16)
FN:104,(anonymous_17)
FN:108,(anonymous_18)
FN:123,(anonymous_19)
FN:126,(anonymous_20)
FN:136,(anonymous_21)
FNF:22
FNH:17
FNDA:1,(anonymous_0)
FNDA:1,(anonymous_1)
FNDA:1,(anonymous_2)
FNDA:1,(anonymous_3)
FNDA:1,(anonymous_4)
FNDA:1,(anonymous_5)
FNDA:0,(anonymous_6)
FNDA:0,(anonymous_7)
FNDA:0,(anonymous_8)
FNDA:0,(anonymous_9)
FNDA:0,(anonymous_10)
FNDA:4,(anonymous_11)
FNDA:12,(anonymous_12)
FNDA:4,(anonymous_13)
FNDA:13,(anonymous_14)
FNDA:9,(anonymous_15)
FNDA:6,(anonymous_16)
FNDA:3,(anonymous_17)
FNDA:2,(anonymous_18)
FNDA:2,(anonymous_19)
FNDA:12,(anonymous_20)
FNDA:1,(anonymous_21)
DA:10,1
DA:14,1
DA:15,1
DA:16,1
DA:17,1
DA:21,1
DA:30,0
DA:31,0
DA:33,0
DA:38,0
DA:39,0
DA:40,0
DA:43,0
DA:44,0
DA:49,0
DA:50,0
DA:51,0
DA:52,0
DA:58,0
DA:59,0
DA:60,0
DA:62,0
DA:63,0
DA:69,0
DA:70,0
DA:71,0
DA:72,0
DA:74,0
DA:75,0
DA:81,4
DA:82,4
DA:84,12
DA:85,9
DA:86,3
DA:87,12
DA:95,4
DA:96,4
DA:97,4
DA:98,13
DA:100,9
DA:102,4
DA:103,6
DA:104,3
DA:109,2
DA:110,2
DA:111,2
DA:112,12
DA:113,12
DA:114,12
DA:123,2
DA:124,2
DA:125,2
DA:126,12
DA:128,2
DA:129,2
DA:130,1
DA:133,2
DA:137,1
DA:138,1
DA:139,1
LF:60
LH:37
BRDA:31,0,0,0
BRDA:31,0,1,0
BRDA:84,1,0,3
BRDA:84,1,1,9
BRDA:85,2,0,6
BRDA:85,2,1,3
BRDA:86,3,0,3
BRDA:86,3,1,0
BRDA:100,4,0,9
BRDA:100,4,1,6
BRDA:124,5,0,0
BRDA:124,5,1,2
BRDA:126,6,0,12
BRDA:126,6,1,2
BRDA:128,7,0,0
BRDA:128,7,1,2
BRDA:129,8,0,1
BRDA:129,8,1,1
BRDA:130,9,0,1
BRDA:130,9,1,0
BRDA:138,10,0,0
BRDA:138,10,1,1
BRF:22
BRH:15
end_of_record
TN:
SF:app\utils\constants.js
FN:49,(anonymous_0)
FN:50,(anonymous_1)
FN:82,formatCurrency
FN:90,formatDate
FN:95,formatShortDate
FNF:5
FNH:5
FNDA:4,(anonymous_0)
FNDA:43,(anonymous_1)
FNDA:4,formatCurrency
FNDA:2,formatDate
FNDA:1,formatShortDate
DA:3,1
DA:9,1
DA:15,1
DA:43,1
DA:49,1
DA:50,43
DA:52,1
DA:62,1
DA:83,4
DA:91,2
DA:92,2
DA:96,1
DA:97,1
LF:13
LH:13
BRDA:50,0,0,4
BRDA:50,0,1,1
BRDA:91,1,0,0
BRDA:91,1,1,2
BRDA:96,2,0,0
BRDA:96,2,1,1
BRF:6
BRH:4
end_of_record
